mode: set
github.com/hyperledger/fabric-chaincode-go/pkg/cid/cid.go:22.57,24.16 2 1
github.com/hyperledger/fabric-chaincode-go/pkg/cid/cid.go:27.2,27.18 1 1
github.com/hyperledger/fabric-chaincode-go/pkg/cid/cid.go:24.16,26.3 1 0
github.com/hyperledger/fabric-chaincode-go/pkg/cid/cid.go:32.60,34.16 2 1
github.com/hyperledger/fabric-chaincode-go/pkg/cid/cid.go:37.2,37.21 1 1
github.com/hyperledger/fabric-chaincode-go/pkg/cid/cid.go:34.16,36.3 1 0
github.com/hyperledger/fabric-chaincode-go/pkg/cid/cid.go:41.108,43.16 2 1
github.com/hyperledger/fabric-chaincode-go/pkg/cid/cid.go:46.2,46.38 1 1
github.com/hyperledger/fabric-chaincode-go/pkg/cid/cid.go:43.16,45.3 1 0
github.com/hyperledger/fabric-chaincode-go/pkg/cid/cid.go:50.90,52.16 2 1
github.com/hyperledger/fabric-chaincode-go/pkg/cid/cid.go:55.2,55.52 1 1
github.com/hyperledger/fabric-chaincode-go/pkg/cid/cid.go:52.16,54.3 1 0
github.com/hyperledger/fabric-chaincode-go/pkg/cid/cid.go:60.81,62.16 2 1
github.com/hyperledger/fabric-chaincode-go/pkg/cid/cid.go:65.2,65.31 1 1
github.com/hyperledger/fabric-chaincode-go/pkg/cid/cid.go:62.16,64.3 1 0
github.com/hyperledger/fabric-chaincode-go/pkg/cid/cid.go:77.63,80.16 3 1
github.com/hyperledger/fabric-chaincode-go/pkg/cid/cid.go:83.2,83.15 1 1
github.com/hyperledger/fabric-chaincode-go/pkg/cid/cid.go:80.16,82.3 1 1
github.com/hyperledger/fabric-chaincode-go/pkg/cid/cid.go:87.54,90.19 1 1
github.com/hyperledger/fabric-chaincode-go/pkg/cid/cid.go:96.2,97.59 2 1
github.com/hyperledger/fabric-chaincode-go/pkg/cid/cid.go:90.19,92.3 1 1
github.com/hyperledger/fabric-chaincode-go/pkg/cid/cid.go:102.57,104.2 1 1
github.com/hyperledger/fabric-chaincode-go/pkg/cid/cid.go:107.103,108.20 1 1
github.com/hyperledger/fabric-chaincode-go/pkg/cid/cid.go:111.2,111.32 1 1
github.com/hyperledger/fabric-chaincode-go/pkg/cid/cid.go:108.20,110.3 1 0
github.com/hyperledger/fabric-chaincode-go/pkg/cid/cid.go:115.85,117.16 2 1
github.com/hyperledger/fabric-chaincode-go/pkg/cid/cid.go:120.2,120.9 1 1
github.com/hyperledger/fabric-chaincode-go/pkg/cid/cid.go:123.2,123.22 1 1
github.com/hyperledger/fabric-chaincode-go/pkg/cid/cid.go:126.2,126.12 1 1
github.com/hyperledger/fabric-chaincode-go/pkg/cid/cid.go:117.16,119.3 1 0
github.com/hyperledger/fabric-chaincode-go/pkg/cid/cid.go:120.9,122.3 1 1
github.com/hyperledger/fabric-chaincode-go/pkg/cid/cid.go:123.22,125.3 1 1
github.com/hyperledger/fabric-chaincode-go/pkg/cid/cid.go:131.78,133.2 1 1
github.com/hyperledger/fabric-chaincode-go/pkg/cid/cid.go:136.43,138.16 2 1
github.com/hyperledger/fabric-chaincode-go/pkg/cid/cid.go:141.2,144.18 4 1
github.com/hyperledger/fabric-chaincode-go/pkg/cid/cid.go:151.2,152.16 2 1
github.com/hyperledger/fabric-chaincode-go/pkg/cid/cid.go:155.2,157.16 3 1
github.com/hyperledger/fabric-chaincode-go/pkg/cid/cid.go:160.2,161.12 2 1
github.com/hyperledger/fabric-chaincode-go/pkg/cid/cid.go:138.16,140.3 1 1
github.com/hyperledger/fabric-chaincode-go/pkg/cid/cid.go:144.18,146.17 2 1
github.com/hyperledger/fabric-chaincode-go/pkg/cid/cid.go:149.3,149.13 1 1
github.com/hyperledger/fabric-chaincode-go/pkg/cid/cid.go:146.17,148.4 1 0
github.com/hyperledger/fabric-chaincode-go/pkg/cid/cid.go:152.16,154.3 1 0
github.com/hyperledger/fabric-chaincode-go/pkg/cid/cid.go:157.16,159.3 1 0
github.com/hyperledger/fabric-chaincode-go/pkg/cid/cid.go:166.77,169.34 3 1
github.com/hyperledger/fabric-chaincode-go/pkg/cid/cid.go:172.2,173.16 2 1
github.com/hyperledger/fabric-chaincode-go/pkg/cid/cid.go:176.2,176.17 1 1
github.com/hyperledger/fabric-chaincode-go/pkg/cid/cid.go:169.34,171.3 1 1
github.com/hyperledger/fabric-chaincode-go/pkg/cid/cid.go:173.16,175.3 1 1
github.com/hyperledger/fabric-chaincode-go/pkg/cid/cid.go:179.62,182.16 3 1
github.com/hyperledger/fabric-chaincode-go/pkg/cid/cid.go:185.2,186.12 2 1
github.com/hyperledger/fabric-chaincode-go/pkg/cid/cid.go:182.16,184.3 1 0
github.com/hyperledger/fabric-chaincode-go/pkg/cid/cid.go:193.36,196.30 3 1
github.com/hyperledger/fabric-chaincode-go/pkg/cid/cid.go:237.2,237.10 1 1
github.com/hyperledger/fabric-chaincode-go/pkg/cid/cid.go:196.30,198.12 2 1
github.com/hyperledger/fabric-chaincode-go/pkg/cid/cid.go:201.3,201.26 1 1
github.com/hyperledger/fabric-chaincode-go/pkg/cid/cid.go:198.12,200.4 1 1
github.com/hyperledger/fabric-chaincode-go/pkg/cid/cid.go:201.26,202.13 1 1
github.com/hyperledger/fabric-chaincode-go/pkg/cid/cid.go:205.4,207.11 3 1
github.com/hyperledger/fabric-chaincode-go/pkg/cid/cid.go:215.4,218.36 4 1
github.com/hyperledger/fabric-chaincode-go/pkg/cid/cid.go:233.4,234.33 2 1
github.com/hyperledger/fabric-chaincode-go/pkg/cid/cid.go:202.13,204.5 1 0
github.com/hyperledger/fabric-chaincode-go/pkg/cid/cid.go:207.11,209.19 2 0
github.com/hyperledger/fabric-chaincode-go/pkg/cid/cid.go:213.5,213.26 1 0
github.com/hyperledger/fabric-chaincode-go/pkg/cid/cid.go:209.19,211.14 2 0
github.com/hyperledger/fabric-chaincode-go/pkg/cid/cid.go:218.36,220.46 1 1
github.com/hyperledger/fabric-chaincode-go/pkg/cid/cid.go:226.5,226.14 1 1
github.com/hyperledger/fabric-chaincode-go/pkg/cid/cid.go:220.46,224.14 4 0
github.com/hyperledger/fabric-chaincode-go/pkg/cid/cid.go:227.45,230.21 3 0
github.com/hyperledger/fabric-chaincode-go/pkg/attrmgr/attrmgr.go:45.17,45.34 1 1
github.com/hyperledger/fabric-chaincode-go/pkg/attrmgr/attrmgr.go:52.132,54.16 2 1
github.com/hyperledger/fabric-chaincode-go/pkg/attrmgr/attrmgr.go:57.2,57.45 1 1
github.com/hyperledger/fabric-chaincode-go/pkg/attrmgr/attrmgr.go:54.16,56.3 1 1
github.com/hyperledger/fabric-chaincode-go/pkg/attrmgr/attrmgr.go:62.116,67.31 4 1
github.com/hyperledger/fabric-chaincode-go/pkg/attrmgr/attrmgr.go:81.2,81.35 1 1
github.com/hyperledger/fabric-chaincode-go/pkg/attrmgr/attrmgr.go:85.2,85.19 1 1
github.com/hyperledger/fabric-chaincode-go/pkg/attrmgr/attrmgr.go:67.31,71.18 3 1
github.com/hyperledger/fabric-chaincode-go/pkg/attrmgr/attrmgr.go:79.3,79.35 1 1
github.com/hyperledger/fabric-chaincode-go/pkg/attrmgr/attrmgr.go:71.18,72.24 1 1
github.com/hyperledger/fabric-chaincode-go/pkg/attrmgr/attrmgr.go:77.4,77.12 1 1
github.com/hyperledger/fabric-chaincode-go/pkg/attrmgr/attrmgr.go:72.24,75.5 1 1
github.com/hyperledger/fabric-chaincode-go/pkg/attrmgr/attrmgr.go:81.35,84.3 1 1
github.com/hyperledger/fabric-chaincode-go/pkg/attrmgr/attrmgr.go:89.86,91.16 2 1
github.com/hyperledger/fabric-chaincode-go/pkg/attrmgr/attrmgr.go:94.2,100.12 3 1
github.com/hyperledger/fabric-chaincode-go/pkg/attrmgr/attrmgr.go:91.16,93.3 1 0
github.com/hyperledger/fabric-chaincode-go/pkg/attrmgr/attrmgr.go:104.84,107.16 2 1
github.com/hyperledger/fabric-chaincode-go/pkg/attrmgr/attrmgr.go:111.2,112.16 2 1
github.com/hyperledger/fabric-chaincode-go/pkg/attrmgr/attrmgr.go:118.2,118.19 1 1
github.com/hyperledger/fabric-chaincode-go/pkg/attrmgr/attrmgr.go:107.16,109.3 1 0
github.com/hyperledger/fabric-chaincode-go/pkg/attrmgr/attrmgr.go:112.16,114.17 2 1
github.com/hyperledger/fabric-chaincode-go/pkg/attrmgr/attrmgr.go:114.17,116.4 1 0
github.com/hyperledger/fabric-chaincode-go/pkg/attrmgr/attrmgr.go:122.78,123.20 1 1
github.com/hyperledger/fabric-chaincode-go/pkg/attrmgr/attrmgr.go:127.2,129.16 3 1
github.com/hyperledger/fabric-chaincode-go/pkg/attrmgr/attrmgr.go:132.2,134.16 3 1
github.com/hyperledger/fabric-chaincode-go/pkg/attrmgr/attrmgr.go:138.2,144.16 4 1
github.com/hyperledger/fabric-chaincode-go/pkg/attrmgr/attrmgr.go:147.2,151.16 4 1
github.com/hyperledger/fabric-chaincode-go/pkg/attrmgr/attrmgr.go:154.2,155.19 2 1
github.com/hyperledger/fabric-chaincode-go/pkg/attrmgr/attrmgr.go:165.2,167.19 2 1
github.com/hyperledger/fabric-chaincode-go/pkg/attrmgr/attrmgr.go:123.20,125.3 1 1
github.com/hyperledger/fabric-chaincode-go/pkg/attrmgr/attrmgr.go:129.16,131.3 1 0
github.com/hyperledger/fabric-chaincode-go/pkg/attrmgr/attrmgr.go:134.16,136.3 1 0
github.com/hyperledger/fabric-chaincode-go/pkg/attrmgr/attrmgr.go:144.16,146.3 1 0
github.com/hyperledger/fabric-chaincode-go/pkg/attrmgr/attrmgr.go:151.16,153.3 1 0
github.com/hyperledger/fabric-chaincode-go/pkg/attrmgr/attrmgr.go:156.9,157.21 1 1
github.com/hyperledger/fabric-chaincode-go/pkg/attrmgr/attrmgr.go:158.9,159.20 1 0
github.com/hyperledger/fabric-chaincode-go/pkg/attrmgr/attrmgr.go:160.9,161.21 1 0
github.com/hyperledger/fabric-chaincode-go/pkg/attrmgr/attrmgr.go:162.9,163.19 1 0
github.com/hyperledger/fabric-chaincode-go/pkg/attrmgr/attrmgr.go:176.39,179.28 3 1
github.com/hyperledger/fabric-chaincode-go/pkg/attrmgr/attrmgr.go:183.2,183.14 1 1
github.com/hyperledger/fabric-chaincode-go/pkg/attrmgr/attrmgr.go:179.28,182.3 2 1
github.com/hyperledger/fabric-chaincode-go/pkg/attrmgr/attrmgr.go:187.49,190.2 2 1
github.com/hyperledger/fabric-chaincode-go/pkg/attrmgr/attrmgr.go:193.63,196.2 2 1
github.com/hyperledger/fabric-chaincode-go/pkg/attrmgr/attrmgr.go:200.46,202.16 2 1
github.com/hyperledger/fabric-chaincode-go/pkg/attrmgr/attrmgr.go:205.2,205.9 1 1
github.com/hyperledger/fabric-chaincode-go/pkg/attrmgr/attrmgr.go:208.2,208.19 1 1
github.com/hyperledger/fabric-chaincode-go/pkg/attrmgr/attrmgr.go:211.2,211.12 1 1
github.com/hyperledger/fabric-chaincode-go/pkg/attrmgr/attrmgr.go:202.16,204.3 1 0
github.com/hyperledger/fabric-chaincode-go/pkg/attrmgr/attrmgr.go:205.9,207.3 1 0
github.com/hyperledger/fabric-chaincode-go/pkg/attrmgr/attrmgr.go:208.19,210.3 1 0
github.com/hyperledger/fabric-chaincode-go/pkg/attrmgr/attrmgr.go:215.68,216.38 1 1
github.com/hyperledger/fabric-chaincode-go/pkg/attrmgr/attrmgr.go:221.2,221.17 1 1
github.com/hyperledger/fabric-chaincode-go/pkg/attrmgr/attrmgr.go:216.38,217.24 1 1
github.com/hyperledger/fabric-chaincode-go/pkg/attrmgr/attrmgr.go:217.24,219.4 1 1
github.com/hyperledger/fabric-chaincode-go/pkg/attrmgr/attrmgr.go:225.48,226.30 1 1
github.com/hyperledger/fabric-chaincode-go/pkg/attrmgr/attrmgr.go:229.2,229.28 1 1
github.com/hyperledger/fabric-chaincode-go/pkg/attrmgr/attrmgr.go:234.2,234.13 1 1
github.com/hyperledger/fabric-chaincode-go/pkg/attrmgr/attrmgr.go:226.30,228.3 1 0
github.com/hyperledger/fabric-chaincode-go/pkg/attrmgr/attrmgr.go:229.28,230.26 1 1
github.com/hyperledger/fabric-chaincode-go/pkg/attrmgr/attrmgr.go:230.26,232.4 1 0
github.com/hyperledger/fabric-chaincode-go/pkg/attrmgr/attrmgr.go:238.62,239.29 1 1
github.com/hyperledger/fabric-chaincode-go/pkg/attrmgr/attrmgr.go:244.2,244.12 1 1
github.com/hyperledger/fabric-chaincode-go/pkg/attrmgr/attrmgr.go:239.29,240.29 1 1
github.com/hyperledger/fabric-chaincode-go/pkg/attrmgr/attrmgr.go:240.29,242.4 1 1
github.com/hyperledger/fabric-chaincode-go/pkg/statebased/interfaces.go:25.52,27.2 1 1
github.com/hyperledger/fabric-chaincode-go/pkg/statebased/statebasedimpl.go:22.62,24.19 2 1
github.com/hyperledger/fabric-chaincode-go/pkg/statebased/statebasedimpl.go:35.2,35.15 1 1
github.com/hyperledger/fabric-chaincode-go/pkg/statebased/statebasedimpl.go:24.19,26.54 2 1
github.com/hyperledger/fabric-chaincode-go/pkg/statebased/statebasedimpl.go:30.3,31.17 2 1
github.com/hyperledger/fabric-chaincode-go/pkg/statebased/statebasedimpl.go:26.54,28.4 1 0
github.com/hyperledger/fabric-chaincode-go/pkg/statebased/statebasedimpl.go:31.17,33.4 1 0
github.com/hyperledger/fabric-chaincode-go/pkg/statebased/statebasedimpl.go:39.44,41.16 2 1
github.com/hyperledger/fabric-chaincode-go/pkg/statebased/statebasedimpl.go:44.2,45.16 2 1
github.com/hyperledger/fabric-chaincode-go/pkg/statebased/statebasedimpl.go:48.2,48.21 1 1
github.com/hyperledger/fabric-chaincode-go/pkg/statebased/statebasedimpl.go:41.16,43.3 1 0
github.com/hyperledger/fabric-chaincode-go/pkg/statebased/statebasedimpl.go:45.16,47.3 1 0
github.com/hyperledger/fabric-chaincode-go/pkg/statebased/statebasedimpl.go:52.67,54.14 2 1
github.com/hyperledger/fabric-chaincode-go/pkg/statebased/statebasedimpl.go:64.2,64.33 1 1
github.com/hyperledger/fabric-chaincode-go/pkg/statebased/statebasedimpl.go:68.2,68.12 1 1
github.com/hyperledger/fabric-chaincode-go/pkg/statebased/statebasedimpl.go:55.22,56.31 1 0
github.com/hyperledger/fabric-chaincode-go/pkg/statebased/statebasedimpl.go:57.20,58.29 1 1
github.com/hyperledger/fabric-chaincode-go/pkg/statebased/statebasedimpl.go:59.10,60.52 1 1
github.com/hyperledger/fabric-chaincode-go/pkg/statebased/statebasedimpl.go:64.33,66.3 1 1
github.com/hyperledger/fabric-chaincode-go/pkg/statebased/statebasedimpl.go:72.46,73.33 1 1
github.com/hyperledger/fabric-chaincode-go/pkg/statebased/statebasedimpl.go:73.33,75.3 1 1
github.com/hyperledger/fabric-chaincode-go/pkg/statebased/statebasedimpl.go:79.39,81.28 2 1
github.com/hyperledger/fabric-chaincode-go/pkg/statebased/statebasedimpl.go:84.2,84.17 1 1
github.com/hyperledger/fabric-chaincode-go/pkg/statebased/statebasedimpl.go:81.28,83.3 1 1
github.com/hyperledger/fabric-chaincode-go/pkg/statebased/statebasedimpl.go:87.77,89.41 1 1
github.com/hyperledger/fabric-chaincode-go/pkg/statebased/statebasedimpl.go:100.2,100.12 1 1
github.com/hyperledger/fabric-chaincode-go/pkg/statebased/statebasedimpl.go:89.41,91.64 1 1
github.com/hyperledger/fabric-chaincode-go/pkg/statebased/statebasedimpl.go:91.64,94.18 3 1
github.com/hyperledger/fabric-chaincode-go/pkg/statebased/statebasedimpl.go:97.4,97.58 1 1
github.com/hyperledger/fabric-chaincode-go/pkg/statebased/statebasedimpl.go:94.18,96.5 1 0
github.com/hyperledger/fabric-chaincode-go/pkg/statebased/statebasedimpl.go:103.79,108.28 5 1
github.com/hyperledger/fabric-chaincode-go/pkg/statebased/statebasedimpl.go:130.2,142.15 2 1
github.com/hyperledger/fabric-chaincode-go/pkg/statebased/statebasedimpl.go:108.28,115.17 2 1
github.com/hyperledger/fabric-chaincode-go/pkg/statebased/statebasedimpl.go:118.3,126.4 2 1
github.com/hyperledger/fabric-chaincode-go/pkg/statebased/statebasedimpl.go:115.17,117.4 1 0
github.com/hyperledger/fabric-chaincode-go/contractapi/internal/utils/utils.go:15.74,18.47 2 1
github.com/hyperledger/fabric-chaincode-go/contractapi/internal/utils/utils.go:22.2,22.30 1 1
github.com/hyperledger/fabric-chaincode-go/contractapi/internal/utils/utils.go:26.2,26.37 1 1
github.com/hyperledger/fabric-chaincode-go/contractapi/internal/utils/utils.go:18.47,20.3 1 1
github.com/hyperledger/fabric-chaincode-go/contractapi/internal/utils/utils.go:22.30,24.3 1 1
github.com/hyperledger/fabric-chaincode-go/contractapi/internal/utils/utils.go:30.50,31.25 1 1
github.com/hyperledger/fabric-chaincode-go/contractapi/internal/utils/utils.go:36.2,36.14 1 1
github.com/hyperledger/fabric-chaincode-go/contractapi/internal/utils/utils.go:31.25,32.13 1 1
github.com/hyperledger/fabric-chaincode-go/contractapi/internal/utils/utils.go:32.13,34.4 1 1
github.com/hyperledger/fabric-chaincode-go/contractapi/internal/types/types.go:23.68,25.2 1 1
github.com/hyperledger/fabric-chaincode-go/contractapi/internal/types/types.go:27.48,29.2 1 1
github.com/hyperledger/fabric-chaincode-go/contractapi/internal/types/types.go:33.66,36.17 3 1
github.com/hyperledger/fabric-chaincode-go/contractapi/internal/types/types.go:44.2,44.38 1 1
github.com/hyperledger/fabric-chaincode-go/contractapi/internal/types/types.go:36.17,39.17 2 1
github.com/hyperledger/fabric-chaincode-go/contractapi/internal/types/types.go:39.17,41.4 1 1
github.com/hyperledger/fabric-chaincode-go/contractapi/internal/types/types.go:47.46,49.2 1 1
github.com/hyperledger/fabric-chaincode-go/contractapi/internal/types/types.go:53.65,56.17 3 1
github.com/hyperledger/fabric-chaincode-go/contractapi/internal/types/types.go:64.2,64.37 1 1
github.com/hyperledger/fabric-chaincode-go/contractapi/internal/types/types.go:56.17,59.17 2 1
github.com/hyperledger/fabric-chaincode-go/contractapi/internal/types/types.go:59.17,61.4 1 1
github.com/hyperledger/fabric-chaincode-go/contractapi/internal/types/types.go:67.45,69.2 1 1
github.com/hyperledger/fabric-chaincode-go/contractapi/internal/types/types.go:73.66,75.17 2 1
github.com/hyperledger/fabric-chaincode-go/contractapi/internal/types/types.go:85.2,85.37 1 1
github.com/hyperledger/fabric-chaincode-go/contractapi/internal/types/types.go:75.17,78.17 2 1
github.com/hyperledger/fabric-chaincode-go/contractapi/internal/types/types.go:82.3,82.26 1 1
github.com/hyperledger/fabric-chaincode-go/contractapi/internal/types/types.go:78.17,80.4 1 1
github.com/hyperledger/fabric-chaincode-go/contractapi/internal/types/types.go:88.46,90.2 1 1
github.com/hyperledger/fabric-chaincode-go/contractapi/internal/types/types.go:94.67,96.17 2 1
github.com/hyperledger/fabric-chaincode-go/contractapi/internal/types/types.go:106.2,106.37 1 1
github.com/hyperledger/fabric-chaincode-go/contractapi/internal/types/types.go:96.17,99.17 2 1
github.com/hyperledger/fabric-chaincode-go/contractapi/internal/types/types.go:103.3,103.27 1 1
github.com/hyperledger/fabric-chaincode-go/contractapi/internal/types/types.go:99.17,101.4 1 1
github.com/hyperledger/fabric-chaincode-go/contractapi/internal/types/types.go:109.47,111.2 1 1
github.com/hyperledger/fabric-chaincode-go/contractapi/internal/types/types.go:115.67,117.17 2 1
github.com/hyperledger/fabric-chaincode-go/contractapi/internal/types/types.go:127.2,127.37 1 1
github.com/hyperledger/fabric-chaincode-go/contractapi/internal/types/types.go:117.17,120.17 2 1
github.com/hyperledger/fabric-chaincode-go/contractapi/internal/types/types.go:124.3,124.27 1 1
github.com/hyperledger/fabric-chaincode-go/contractapi/internal/types/types.go:120.17,122.4 1 1
github.com/hyperledger/fabric-chaincode-go/contractapi/internal/types/types.go:130.47,132.2 1 1
github.com/hyperledger/fabric-chaincode-go/contractapi/internal/types/types.go:136.67,139.17 3 1
github.com/hyperledger/fabric-chaincode-go/contractapi/internal/types/types.go:147.2,147.37 1 1
github.com/hyperledger/fabric-chaincode-go/contractapi/internal/types/types.go:139.17,142.17 2 1
github.com/hyperledger/fabric-chaincode-go/contractapi/internal/types/types.go:142.17,144.4 1 1
github.com/hyperledger/fabric-chaincode-go/contractapi/internal/types/types.go:150.47,152.2 1 1
github.com/hyperledger/fabric-chaincode-go/contractapi/internal/types/types.go:156.66,158.17 2 1
github.com/hyperledger/fabric-chaincode-go/contractapi/internal/types/types.go:168.2,168.38 1 1
github.com/hyperledger/fabric-chaincode-go/contractapi/internal/types/types.go:158.17,161.17 2 1
github.com/hyperledger/fabric-chaincode-go/contractapi/internal/types/types.go:165.3,165.28 1 1
github.com/hyperledger/fabric-chaincode-go/contractapi/internal/types/types.go:161.17,163.4 1 1
github.com/hyperledger/fabric-chaincode-go/contractapi/internal/types/types.go:171.46,181.2 8 1
github.com/hyperledger/fabric-chaincode-go/contractapi/internal/types/types.go:185.67,187.17 2 1
github.com/hyperledger/fabric-chaincode-go/contractapi/internal/types/types.go:197.2,197.38 1 1
github.com/hyperledger/fabric-chaincode-go/contractapi/internal/types/types.go:187.17,190.17 2 1
github.com/hyperledger/fabric-chaincode-go/contractapi/internal/types/types.go:194.3,194.29 1 1
github.com/hyperledger/fabric-chaincode-go/contractapi/internal/types/types.go:190.17,192.4 1 1
github.com/hyperledger/fabric-chaincode-go/contractapi/internal/types/types.go:200.47,207.2 6 1
github.com/hyperledger/fabric-chaincode-go/contractapi/internal/types/types.go:211.68,213.17 2 1
github.com/hyperledger/fabric-chaincode-go/contractapi/internal/types/types.go:223.2,223.38 1 1
github.com/hyperledger/fabric-chaincode-go/contractapi/internal/types/types.go:213.17,216.17 2 1
github.com/hyperledger/fabric-chaincode-go/contractapi/internal/types/types.go:220.3,220.30 1 1
github.com/hyperledger/fabric-chaincode-go/contractapi/internal/types/types.go:216.17,218.4 1 1
github.com/hyperledger/fabric-chaincode-go/contractapi/internal/types/types.go:226.48,233.2 6 1
github.com/hyperledger/fabric-chaincode-go/contractapi/internal/types/types.go:237.68,239.17 2 1
github.com/hyperledger/fabric-chaincode-go/contractapi/internal/types/types.go:249.2,249.38 1 1
github.com/hyperledger/fabric-chaincode-go/contractapi/internal/types/types.go:239.17,242.17 2 1
github.com/hyperledger/fabric-chaincode-go/contractapi/internal/types/types.go:246.3,246.30 1 1
github.com/hyperledger/fabric-chaincode-go/contractapi/internal/types/types.go:242.17,244.4 1 1
github.com/hyperledger/fabric-chaincode-go/contractapi/internal/types/types.go:252.48,259.2 6 1
github.com/hyperledger/fabric-chaincode-go/contractapi/internal/types/types.go:263.68,266.17 3 1
github.com/hyperledger/fabric-chaincode-go/contractapi/internal/types/types.go:274.2,274.38 1 1
github.com/hyperledger/fabric-chaincode-go/contractapi/internal/types/types.go:266.17,269.17 2 1
github.com/hyperledger/fabric-chaincode-go/contractapi/internal/types/types.go:269.17,271.4 1 1
github.com/hyperledger/fabric-chaincode-go/contractapi/internal/types/types.go:277.48,286.2 8 1
github.com/hyperledger/fabric-chaincode-go/contractapi/internal/types/types.go:290.69,292.17 2 1
github.com/hyperledger/fabric-chaincode-go/contractapi/internal/types/types.go:302.2,302.39 1 1
github.com/hyperledger/fabric-chaincode-go/contractapi/internal/types/types.go:292.17,295.17 2 1
github.com/hyperledger/fabric-chaincode-go/contractapi/internal/types/types.go:299.3,299.33 1 1
github.com/hyperledger/fabric-chaincode-go/contractapi/internal/types/types.go:295.17,297.4 1 1
github.com/hyperledger/fabric-chaincode-go/contractapi/internal/types/types.go:305.49,307.2 1 1
github.com/hyperledger/fabric-chaincode-go/contractapi/internal/types/types.go:311.69,314.17 3 1
github.com/hyperledger/fabric-chaincode-go/contractapi/internal/types/types.go:322.2,322.39 1 1
github.com/hyperledger/fabric-chaincode-go/contractapi/internal/types/types.go:314.17,317.17 2 1
github.com/hyperledger/fabric-chaincode-go/contractapi/internal/types/types.go:317.17,319.4 1 1
github.com/hyperledger/fabric-chaincode-go/contractapi/internal/types/types.go:325.49,327.2 1 1
github.com/hyperledger/fabric-chaincode-go/contractapi/internal/types/types.go:331.71,333.2 1 1
github.com/hyperledger/fabric-chaincode-go/contractapi/internal/types/types.go:335.51,337.2 1 1
github.com/hyperledger/fabric-chaincode-go/contractapi/serializer/json_transaction_serializer.go:33.182,36.16 2 1
github.com/hyperledger/fabric-chaincode-go/contractapi/serializer/json_transaction_serializer.go:40.2,40.26 1 1
github.com/hyperledger/fabric-chaincode-go/contractapi/serializer/json_transaction_serializer.go:48.2,48.23 1 1
github.com/hyperledger/fabric-chaincode-go/contractapi/serializer/json_transaction_serializer.go:36.16,38.3 1 1
github.com/hyperledger/fabric-chaincode-go/contractapi/serializer/json_transaction_serializer.go:40.26,43.17 2 1
github.com/hyperledger/fabric-chaincode-go/contractapi/serializer/json_transaction_serializer.go:43.17,45.4 1 1
github.com/hyperledger/fabric-chaincode-go/contractapi/serializer/json_transaction_serializer.go:60.173,63.55 2 1
github.com/hyperledger/fabric-chaincode-go/contractapi/serializer/json_transaction_serializer.go:82.2,82.17 1 1
github.com/hyperledger/fabric-chaincode-go/contractapi/serializer/json_transaction_serializer.go:63.55,64.35 1 1
github.com/hyperledger/fabric-chaincode-go/contractapi/serializer/json_transaction_serializer.go:73.3,73.21 1 1
github.com/hyperledger/fabric-chaincode-go/contractapi/serializer/json_transaction_serializer.go:64.35,66.4 1 1
github.com/hyperledger/fabric-chaincode-go/contractapi/serializer/json_transaction_serializer.go:66.9,66.121 1 1
github.com/hyperledger/fabric-chaincode-go/contractapi/serializer/json_transaction_serializer.go:66.121,69.4 2 1
github.com/hyperledger/fabric-chaincode-go/contractapi/serializer/json_transaction_serializer.go:69.9,71.4 1 1
github.com/hyperledger/fabric-chaincode-go/contractapi/serializer/json_transaction_serializer.go:73.21,76.18 2 1
github.com/hyperledger/fabric-chaincode-go/contractapi/serializer/json_transaction_serializer.go:76.18,78.5 1 1
github.com/hyperledger/fabric-chaincode-go/contractapi/serializer/json_transaction_serializer.go:85.93,90.16 3 1
github.com/hyperledger/fabric-chaincode-go/contractapi/serializer/json_transaction_serializer.go:94.2,94.24 1 1
github.com/hyperledger/fabric-chaincode-go/contractapi/serializer/json_transaction_serializer.go:90.16,92.3 1 1
github.com/hyperledger/fabric-chaincode-go/contractapi/serializer/json_transaction_serializer.go:97.83,101.33 3 1
github.com/hyperledger/fabric-chaincode-go/contractapi/serializer/json_transaction_serializer.go:111.2,111.16 1 1
github.com/hyperledger/fabric-chaincode-go/contractapi/serializer/json_transaction_serializer.go:115.2,115.23 1 1
github.com/hyperledger/fabric-chaincode-go/contractapi/serializer/json_transaction_serializer.go:101.33,105.3 3 1
github.com/hyperledger/fabric-chaincode-go/contractapi/serializer/json_transaction_serializer.go:105.8,105.238 1 1
github.com/hyperledger/fabric-chaincode-go/contractapi/serializer/json_transaction_serializer.go:105.238,107.3 1 1
github.com/hyperledger/fabric-chaincode-go/contractapi/serializer/json_transaction_serializer.go:107.8,109.3 1 1
github.com/hyperledger/fabric-chaincode-go/contractapi/serializer/json_transaction_serializer.go:111.16,113.3 1 1
github.com/hyperledger/fabric-chaincode-go/contractapi/serializer/json_transaction_serializer.go:118.135,121.40 2 1
github.com/hyperledger/fabric-chaincode-go/contractapi/serializer/json_transaction_serializer.go:131.2,135.21 3 1
github.com/hyperledger/fabric-chaincode-go/contractapi/serializer/json_transaction_serializer.go:139.2,139.12 1 1
github.com/hyperledger/fabric-chaincode-go/contractapi/serializer/json_transaction_serializer.go:121.40,123.3 1 1
github.com/hyperledger/fabric-chaincode-go/contractapi/serializer/json_transaction_serializer.go:123.8,123.111 1 1
github.com/hyperledger/fabric-chaincode-go/contractapi/serializer/json_transaction_serializer.go:123.111,127.3 3 1
github.com/hyperledger/fabric-chaincode-go/contractapi/serializer/json_transaction_serializer.go:127.8,129.3 1 1
github.com/hyperledger/fabric-chaincode-go/contractapi/serializer/json_transaction_serializer.go:135.21,137.3 1 1
github.com/hyperledger/fabric-chaincode-go/contractapi/serializer/json_transaction_serializer.go:142.45,144.2 1 1
github.com/hyperledger/fabric-chaincode-go/contractapi/serializer/json_transaction_serializer.go:146.47,148.2 1 1
github.com/hyperledger/fabric-chaincode-go/contractapi/internal/contract_function.go:47.237,49.34 2 1
github.com/hyperledger/fabric-chaincode-go/contractapi/internal/contract_function.go:53.2,55.16 2 1
github.com/hyperledger/fabric-chaincode-go/contractapi/internal/contract_function.go:59.2,62.34 3 1
github.com/hyperledger/fabric-chaincode-go/contractapi/internal/contract_function.go:66.2,66.77 1 1
github.com/hyperledger/fabric-chaincode-go/contractapi/internal/contract_function.go:49.34,51.3 1 0
github.com/hyperledger/fabric-chaincode-go/contractapi/internal/contract_function.go:55.16,57.3 1 1
github.com/hyperledger/fabric-chaincode-go/contractapi/internal/contract_function.go:62.34,64.3 1 0
github.com/hyperledger/fabric-chaincode-go/contractapi/internal/contract_function.go:70.134,77.37 5 1
github.com/hyperledger/fabric-chaincode-go/contractapi/internal/contract_function.go:81.2,83.45 2 1
github.com/hyperledger/fabric-chaincode-go/contractapi/internal/contract_function.go:93.2,93.31 1 1
github.com/hyperledger/fabric-chaincode-go/contractapi/internal/contract_function.go:99.2,99.28 1 1
github.com/hyperledger/fabric-chaincode-go/contractapi/internal/contract_function.go:77.37,79.3 1 1
github.com/hyperledger/fabric-chaincode-go/contractapi/internal/contract_function.go:83.45,91.3 5 1
github.com/hyperledger/fabric-chaincode-go/contractapi/internal/contract_function.go:93.31,97.3 2 1
github.com/hyperledger/fabric-chaincode-go/contractapi/internal/contract_function.go:108.238,111.34 2 1
github.com/hyperledger/fabric-chaincode-go/contractapi/internal/contract_function.go:117.2,119.30 2 1
github.com/hyperledger/fabric-chaincode-go/contractapi/internal/contract_function.go:123.2,123.29 1 1
github.com/hyperledger/fabric-chaincode-go/contractapi/internal/contract_function.go:127.2,129.33 2 1
github.com/hyperledger/fabric-chaincode-go/contractapi/internal/contract_function.go:144.2,144.35 1 1
github.com/hyperledger/fabric-chaincode-go/contractapi/internal/contract_function.go:155.2,155.20 1 1
github.com/hyperledger/fabric-chaincode-go/contractapi/internal/contract_function.go:111.34,112.46 1 1
github.com/hyperledger/fabric-chaincode-go/contractapi/internal/contract_function.go:112.46,114.4 1 1
github.com/hyperledger/fabric-chaincode-go/contractapi/internal/contract_function.go:119.30,121.3 1 1
github.com/hyperledger/fabric-chaincode-go/contractapi/internal/contract_function.go:123.29,125.3 1 1
github.com/hyperledger/fabric-chaincode-go/contractapi/internal/contract_function.go:129.33,135.35 3 1
github.com/hyperledger/fabric-chaincode-go/contractapi/internal/contract_function.go:139.3,141.33 3 1
github.com/hyperledger/fabric-chaincode-go/contractapi/internal/contract_function.go:135.35,137.4 1 1
github.com/hyperledger/fabric-chaincode-go/contractapi/internal/contract_function.go:144.35,145.28 1 1
github.com/hyperledger/fabric-chaincode-go/contractapi/internal/contract_function.go:145.28,147.22 1 1
github.com/hyperledger/fabric-chaincode-go/contractapi/internal/contract_function.go:151.4,151.42 1 1
github.com/hyperledger/fabric-chaincode-go/contractapi/internal/contract_function.go:147.22,149.5 1 1
github.com/hyperledger/fabric-chaincode-go/contractapi/internal/contract_function.go:158.233,165.30 4 1
github.com/hyperledger/fabric-chaincode-go/contractapi/internal/contract_function.go:169.2,174.11 5 1
github.com/hyperledger/fabric-chaincode-go/contractapi/internal/contract_function.go:165.30,167.3 1 1
github.com/hyperledger/fabric-chaincode-go/contractapi/internal/contract_function.go:177.226,182.40 3 1
github.com/hyperledger/fabric-chaincode-go/contractapi/internal/contract_function.go:188.2,188.37 1 1
github.com/hyperledger/fabric-chaincode-go/contractapi/internal/contract_function.go:226.2,226.90 1 1
github.com/hyperledger/fabric-chaincode-go/contractapi/internal/contract_function.go:182.40,184.3 1 1
github.com/hyperledger/fabric-chaincode-go/contractapi/internal/contract_function.go:184.8,184.47 1 1
github.com/hyperledger/fabric-chaincode-go/contractapi/internal/contract_function.go:184.47,186.3 1 1
github.com/hyperledger/fabric-chaincode-go/contractapi/internal/contract_function.go:188.37,193.41 3 1
github.com/hyperledger/fabric-chaincode-go/contractapi/internal/contract_function.go:202.3,206.32 4 1
github.com/hyperledger/fabric-chaincode-go/contractapi/internal/contract_function.go:219.3,219.56 1 1
github.com/hyperledger/fabric-chaincode-go/contractapi/internal/contract_function.go:223.3,223.42 1 1
github.com/hyperledger/fabric-chaincode-go/contractapi/internal/contract_function.go:193.41,196.4 2 1
github.com/hyperledger/fabric-chaincode-go/contractapi/internal/contract_function.go:196.9,196.28 1 1
github.com/hyperledger/fabric-chaincode-go/contractapi/internal/contract_function.go:196.28,198.4 1 1
github.com/hyperledger/fabric-chaincode-go/contractapi/internal/contract_function.go:198.9,198.30 1 1
github.com/hyperledger/fabric-chaincode-go/contractapi/internal/contract_function.go:198.30,200.4 1 1
github.com/hyperledger/fabric-chaincode-go/contractapi/internal/contract_function.go:206.32,207.25 1 1
github.com/hyperledger/fabric-chaincode-go/contractapi/internal/contract_function.go:216.4,216.39 1 1
github.com/hyperledger/fabric-chaincode-go/contractapi/internal/contract_function.go:207.25,211.19 3 1
github.com/hyperledger/fabric-chaincode-go/contractapi/internal/contract_function.go:211.19,213.6 1 1
github.com/hyperledger/fabric-chaincode-go/contractapi/internal/contract_function.go:219.56,221.4 1 1
github.com/hyperledger/fabric-chaincode-go/contractapi/internal/contract_function.go:229.162,237.2 6 1
github.com/hyperledger/fabric-chaincode-go/contractapi/internal/contract_function.go:240.129,244.35 3 1
github.com/hyperledger/fabric-chaincode-go/contractapi/internal/contract_function.go:248.2,254.16 5 1
github.com/hyperledger/fabric-chaincode-go/contractapi/internal/contract_function.go:258.2,258.81 1 1
github.com/hyperledger/fabric-chaincode-go/contractapi/internal/contract_function.go:244.35,246.3 1 1
github.com/hyperledger/fabric-chaincode-go/contractapi/internal/contract_function.go:254.16,256.3 1 1
github.com/hyperledger/fabric-chaincode-go/contractapi/internal/contract_function.go:262.170,265.16 2 1
github.com/hyperledger/fabric-chaincode-go/contractapi/internal/contract_function.go:269.2,269.85 1 1
github.com/hyperledger/fabric-chaincode-go/contractapi/internal/contract_function.go:265.16,267.3 1 1
github.com/hyperledger/fabric-chaincode-go/contractapi/internal/contract_function.go:274.135,277.16 2 1
github.com/hyperledger/fabric-chaincode-go/contractapi/internal/contract_function.go:281.2,283.16 2 1
github.com/hyperledger/fabric-chaincode-go/contractapi/internal/contract_function.go:287.2,287.53 1 1
github.com/hyperledger/fabric-chaincode-go/contractapi/internal/contract_function.go:277.16,279.3 1 1
github.com/hyperledger/fabric-chaincode-go/contractapi/internal/contract_function.go:283.16,285.3 1 1
github.com/hyperledger/fabric-chaincode-go/contractapi/internal/contract_function.go:290.129,300.22 6 1
github.com/hyperledger/fabric-chaincode-go/contractapi/internal/contract_function.go:305.2,305.38 1 1
github.com/hyperledger/fabric-chaincode-go/contractapi/internal/contract_function.go:335.2,336.32 2 1
github.com/hyperledger/fabric-chaincode-go/contractapi/internal/contract_function.go:300.22,303.3 2 1
github.com/hyperledger/fabric-chaincode-go/contractapi/internal/contract_function.go:305.38,312.90 4 1
github.com/hyperledger/fabric-chaincode-go/contractapi/internal/contract_function.go:324.3,324.33 1 1
github.com/hyperledger/fabric-chaincode-go/contractapi/internal/contract_function.go:312.90,317.18 3 1
github.com/hyperledger/fabric-chaincode-go/contractapi/internal/contract_function.go:321.4,321.16 1 1
github.com/hyperledger/fabric-chaincode-go/contractapi/internal/contract_function.go:317.18,319.5 1 1
github.com/hyperledger/fabric-chaincode-go/contractapi/internal/contract_function.go:324.33,326.4 1 1
github.com/hyperledger/fabric-chaincode-go/contractapi/internal/contract_function.go:326.9,326.38 1 1
github.com/hyperledger/fabric-chaincode-go/contractapi/internal/contract_function.go:326.38,328.4 1 1
github.com/hyperledger/fabric-chaincode-go/contractapi/internal/contract_function.go:328.9,328.19 1 1
github.com/hyperledger/fabric-chaincode-go/contractapi/internal/contract_function.go:328.19,330.4 1 1
github.com/hyperledger/fabric-chaincode-go/contractapi/internal/contract_function.go:330.9,332.4 1 1
github.com/hyperledger/fabric-chaincode-go/contractapi/internal/contract_function.go:339.98,344.22 3 1
github.com/hyperledger/fabric-chaincode-go/contractapi/internal/contract_function.go:348.2,348.16 1 1
github.com/hyperledger/fabric-chaincode-go/contractapi/internal/contract_function.go:373.2,373.49 1 1
github.com/hyperledger/fabric-chaincode-go/contractapi/internal/contract_function.go:344.22,346.3 1 1
github.com/hyperledger/fabric-chaincode-go/contractapi/internal/contract_function.go:348.16,350.3 1 1
github.com/hyperledger/fabric-chaincode-go/contractapi/internal/contract_function.go:350.8,350.24 1 1
github.com/hyperledger/fabric-chaincode-go/contractapi/internal/contract_function.go:350.24,355.23 3 1
github.com/hyperledger/fabric-chaincode-go/contractapi/internal/contract_function.go:360.3,360.54 1 1
github.com/hyperledger/fabric-chaincode-go/contractapi/internal/contract_function.go:355.23,357.4 1 1
github.com/hyperledger/fabric-chaincode-go/contractapi/internal/contract_function.go:357.9,357.40 1 1
github.com/hyperledger/fabric-chaincode-go/contractapi/internal/contract_function.go:357.40,359.4 1 1
github.com/hyperledger/fabric-chaincode-go/contractapi/internal/contract_function.go:361.8,361.24 1 1
github.com/hyperledger/fabric-chaincode-go/contractapi/internal/contract_function.go:361.24,366.59 4 1
github.com/hyperledger/fabric-chaincode-go/contractapi/internal/contract_function.go:371.3,371.54 1 1
github.com/hyperledger/fabric-chaincode-go/contractapi/internal/contract_function.go:366.59,368.4 1 1
github.com/hyperledger/fabric-chaincode-go/contractapi/internal/contract_function.go:368.9,368.43 1 1
github.com/hyperledger/fabric-chaincode-go/contractapi/internal/contract_function.go:368.43,370.4 1 1
github.com/hyperledger/fabric-chaincode-go/contractapi/internal/text_handling.go:8.50,10.2 1 1
github.com/hyperledger/fabric-chaincode-go/contractapi/internal/transaction_handler.go:27.60,28.13 1 1
github.com/hyperledger/fabric-chaincode-go/contractapi/internal/transaction_handler.go:29.36,30.23 1 1
github.com/hyperledger/fabric-chaincode-go/contractapi/internal/transaction_handler.go:31.35,32.22 1 1
github.com/hyperledger/fabric-chaincode-go/contractapi/internal/transaction_handler.go:33.37,34.24 1 1
github.com/hyperledger/fabric-chaincode-go/contractapi/internal/transaction_handler.go:35.10,36.60 1 1
github.com/hyperledger/fabric-chaincode-go/contractapi/internal/transaction_handler.go:48.146,51.30 2 1
github.com/hyperledger/fabric-chaincode-go/contractapi/internal/transaction_handler.go:55.2,55.81 1 1
github.com/hyperledger/fabric-chaincode-go/contractapi/internal/transaction_handler.go:63.2,65.58 2 1
github.com/hyperledger/fabric-chaincode-go/contractapi/internal/transaction_handler.go:51.30,53.3 1 1
github.com/hyperledger/fabric-chaincode-go/contractapi/internal/transaction_handler.go:55.81,56.18 1 1
github.com/hyperledger/fabric-chaincode-go/contractapi/internal/transaction_handler.go:56.18,58.4 1 1
github.com/hyperledger/fabric-chaincode-go/contractapi/internal/transaction_handler.go:58.9,60.4 1 1
github.com/hyperledger/fabric-chaincode-go/contractapi/internal/transaction_handler.go:69.142,72.16 2 1
github.com/hyperledger/fabric-chaincode-go/contractapi/internal/transaction_handler.go:84.2,89.17 2 1
github.com/hyperledger/fabric-chaincode-go/contractapi/internal/transaction_handler.go:72.16,75.3 2 1
github.com/hyperledger/fabric-chaincode-go/contractapi/internal/transaction_handler.go:75.8,75.84 1 1
github.com/hyperledger/fabric-chaincode-go/contractapi/internal/transaction_handler.go:75.84,78.3 2 1
github.com/hyperledger/fabric-chaincode-go/contractapi/internal/transaction_handler.go:78.8,78.84 1 1
github.com/hyperledger/fabric-chaincode-go/contractapi/internal/transaction_handler.go:78.84,80.3 1 1
github.com/hyperledger/fabric-chaincode-go/contractapi/internal/transaction_handler.go:80.8,80.136 1 1
github.com/hyperledger/fabric-chaincode-go/contractapi/internal/transaction_handler.go:80.136,82.3 1 1
github.com/hyperledger/fabric-chaincode-go/contractapi/internal/types_handler.go:14.35,17.35 2 1
github.com/hyperledger/fabric-chaincode-go/contractapi/internal/types_handler.go:20.2,22.17 2 1
github.com/hyperledger/fabric-chaincode-go/contractapi/internal/types_handler.go:17.35,19.3 1 1
github.com/hyperledger/fabric-chaincode-go/contractapi/internal/types_handler.go:25.30,27.2 1 1
github.com/hyperledger/fabric-chaincode-go/contractapi/internal/types_handler.go:29.82,30.21 1 1
github.com/hyperledger/fabric-chaincode-go/contractapi/internal/types_handler.go:34.2,34.67 1 1
github.com/hyperledger/fabric-chaincode-go/contractapi/internal/types_handler.go:30.21,32.3 1 1
github.com/hyperledger/fabric-chaincode-go/contractapi/internal/types_handler.go:37.80,38.31 1 1
github.com/hyperledger/fabric-chaincode-go/contractapi/internal/types_handler.go:42.2,42.38 1 1
github.com/hyperledger/fabric-chaincode-go/contractapi/internal/types_handler.go:50.2,50.12 1 1
github.com/hyperledger/fabric-chaincode-go/contractapi/internal/types_handler.go:38.31,40.3 1 1
github.com/hyperledger/fabric-chaincode-go/contractapi/internal/types_handler.go:42.38,45.17 2 1
github.com/hyperledger/fabric-chaincode-go/contractapi/internal/types_handler.go:45.17,47.4 1 1
github.com/hyperledger/fabric-chaincode-go/contractapi/internal/types_handler.go:53.60,54.25 1 1
github.com/hyperledger/fabric-chaincode-go/contractapi/internal/types_handler.go:59.2,59.14 1 1
github.com/hyperledger/fabric-chaincode-go/contractapi/internal/types_handler.go:54.25,55.13 1 1
github.com/hyperledger/fabric-chaincode-go/contractapi/internal/types_handler.go:55.13,57.4 1 1
github.com/hyperledger/fabric-chaincode-go/contractapi/internal/types_handler.go:62.89,63.31 1 1
github.com/hyperledger/fabric-chaincode-go/contractapi/internal/types_handler.go:96.2,96.12 1 1
github.com/hyperledger/fabric-chaincode-go/contractapi/internal/types_handler.go:63.31,66.3 2 1
github.com/hyperledger/fabric-chaincode-go/contractapi/internal/types_handler.go:66.8,66.38 1 1
github.com/hyperledger/fabric-chaincode-go/contractapi/internal/types_handler.go:66.38,69.3 2 1
github.com/hyperledger/fabric-chaincode-go/contractapi/internal/types_handler.go:69.8,69.36 1 1
github.com/hyperledger/fabric-chaincode-go/contractapi/internal/types_handler.go:69.36,70.39 1 1
github.com/hyperledger/fabric-chaincode-go/contractapi/internal/types_handler.go:74.3,74.55 1 1
github.com/hyperledger/fabric-chaincode-go/contractapi/internal/types_handler.go:70.39,72.4 1 1
github.com/hyperledger/fabric-chaincode-go/contractapi/internal/types_handler.go:75.8,75.143 1 1
github.com/hyperledger/fabric-chaincode-go/contractapi/internal/types_handler.go:75.143,78.30 2 1
github.com/hyperledger/fabric-chaincode-go/contractapi/internal/types_handler.go:85.3,85.47 1 1
github.com/hyperledger/fabric-chaincode-go/contractapi/internal/types_handler.go:78.30,80.4 1 1
github.com/hyperledger/fabric-chaincode-go/contractapi/internal/types_handler.go:80.9,82.4 1 1
github.com/hyperledger/fabric-chaincode-go/contractapi/internal/types_handler.go:86.8,86.224 1 1
github.com/hyperledger/fabric-chaincode-go/contractapi/internal/types_handler.go:86.224,89.17 2 1
github.com/hyperledger/fabric-chaincode-go/contractapi/internal/types_handler.go:93.3,93.159 1 1
github.com/hyperledger/fabric-chaincode-go/contractapi/internal/types_handler.go:89.17,91.4 1 1
github.com/hyperledger/fabric-chaincode-go/contractapi/internal/types_handler.go:99.75,100.39 1 1
github.com/hyperledger/fabric-chaincode-go/contractapi/internal/types_handler.go:104.2,104.41 1 1
github.com/hyperledger/fabric-chaincode-go/contractapi/internal/types_handler.go:144.2,144.12 1 1
github.com/hyperledger/fabric-chaincode-go/contractapi/internal/types_handler.go:100.39,102.3 1 1
github.com/hyperledger/fabric-chaincode-go/contractapi/internal/types_handler.go:104.41,108.14 3 1
github.com/hyperledger/fabric-chaincode-go/contractapi/internal/types_handler.go:112.3,115.31 3 1
github.com/hyperledger/fabric-chaincode-go/contractapi/internal/types_handler.go:119.3,119.35 1 1
github.com/hyperledger/fabric-chaincode-go/contractapi/internal/types_handler.go:128.3,130.33 3 1
github.com/hyperledger/fabric-chaincode-go/contractapi/internal/types_handler.go:134.3,134.36 1 1
github.com/hyperledger/fabric-chaincode-go/contractapi/internal/types_handler.go:108.14,110.4 1 1
github.com/hyperledger/fabric-chaincode-go/contractapi/internal/types_handler.go:115.31,117.4 1 1
github.com/hyperledger/fabric-chaincode-go/contractapi/internal/types_handler.go:119.35,123.40 3 1
github.com/hyperledger/fabric-chaincode-go/contractapi/internal/types_handler.go:123.40,125.5 1 1
github.com/hyperledger/fabric-chaincode-go/contractapi/internal/types_handler.go:130.33,132.4 1 1
github.com/hyperledger/fabric-chaincode-go/contractapi/internal/types_handler.go:134.36,138.42 3 1
github.com/hyperledger/fabric-chaincode-go/contractapi/internal/types_handler.go:138.42,140.5 1 1
github.com/hyperledger/fabric-chaincode-go/contractapi/metadata/a_metadata-packr.go:11.13,13.2 1 1
github.com/hyperledger/fabric-chaincode-go/contractapi/metadata/ioutils.go:19.64,21.2 1 1
github.com/hyperledger/fabric-chaincode-go/contractapi/metadata/ioutils.go:25.54,33.2 4 1
github.com/hyperledger/fabric-chaincode-go/contractapi/metadata/metadata.go:35.47,37.2 1 0
github.com/hyperledger/fabric-chaincode-go/contractapi/metadata/metadata.go:39.57,41.2 1 0
github.com/hyperledger/fabric-chaincode-go/contractapi/metadata/metadata.go:43.45,45.2 1 0
github.com/hyperledger/fabric-chaincode-go/contractapi/metadata/metadata.go:50.38,56.2 3 1
github.com/hyperledger/fabric-chaincode-go/contractapi/metadata/metadata.go:89.65,94.16 3 1
github.com/hyperledger/fabric-chaincode-go/contractapi/metadata/metadata.go:98.2,101.12 3 1
github.com/hyperledger/fabric-chaincode-go/contractapi/metadata/metadata.go:94.16,96.3 1 1
github.com/hyperledger/fabric-chaincode-go/contractapi/metadata/metadata.go:106.62,110.2 2 1
github.com/hyperledger/fabric-chaincode-go/contractapi/metadata/metadata.go:164.80,165.21 1 1
github.com/hyperledger/fabric-chaincode-go/contractapi/metadata/metadata.go:169.2,169.29 1 1
github.com/hyperledger/fabric-chaincode-go/contractapi/metadata/metadata.go:179.2,179.60 1 1
github.com/hyperledger/fabric-chaincode-go/contractapi/metadata/metadata.go:165.21,167.3 1 1
github.com/hyperledger/fabric-chaincode-go/contractapi/metadata/metadata.go:169.29,170.27 1 1
github.com/hyperledger/fabric-chaincode-go/contractapi/metadata/metadata.go:174.3,174.44 1 1
github.com/hyperledger/fabric-chaincode-go/contractapi/metadata/metadata.go:170.27,172.4 1 1
github.com/hyperledger/fabric-chaincode-go/contractapi/metadata/metadata.go:174.44,176.4 1 1
github.com/hyperledger/fabric-chaincode-go/contractapi/metadata/metadata.go:179.60,181.3 1 1
github.com/hyperledger/fabric-chaincode-go/contractapi/metadata/metadata.go:189.62,190.122 1 1
github.com/hyperledger/fabric-chaincode-go/contractapi/metadata/metadata.go:201.2,201.52 1 1
github.com/hyperledger/fabric-chaincode-go/contractapi/metadata/metadata.go:229.2,229.12 1 1
github.com/hyperledger/fabric-chaincode-go/contractapi/metadata/metadata.go:190.122,199.3 6 1
github.com/hyperledger/fabric-chaincode-go/contractapi/metadata/metadata.go:201.52,202.48 1 1
github.com/hyperledger/fabric-chaincode-go/contractapi/metadata/metadata.go:226.3,226.41 1 1
github.com/hyperledger/fabric-chaincode-go/contractapi/metadata/metadata.go:202.48,203.47 1 1
github.com/hyperledger/fabric-chaincode-go/contractapi/metadata/metadata.go:214.4,214.32 1 1
github.com/hyperledger/fabric-chaincode-go/contractapi/metadata/metadata.go:224.4,224.37 1 1
github.com/hyperledger/fabric-chaincode-go/contractapi/metadata/metadata.go:203.47,206.19 2 1
github.com/hyperledger/fabric-chaincode-go/contractapi/metadata/metadata.go:210.5,211.36 2 1
github.com/hyperledger/fabric-chaincode-go/contractapi/metadata/metadata.go:206.19,208.6 1 1
github.com/hyperledger/fabric-chaincode-go/contractapi/metadata/metadata.go:214.32,217.19 2 1
github.com/hyperledger/fabric-chaincode-go/contractapi/metadata/metadata.go:221.5,221.42 1 1
github.com/hyperledger/fabric-chaincode-go/contractapi/metadata/metadata.go:217.19,219.6 1 1
github.com/hyperledger/fabric-chaincode-go/contractapi/metadata/metadata.go:233.60,238.20 3 1
github.com/hyperledger/fabric-chaincode-go/contractapi/metadata/metadata.go:241.2,246.27 4 1
github.com/hyperledger/fabric-chaincode-go/contractapi/metadata/metadata.go:250.2,254.16 3 1
github.com/hyperledger/fabric-chaincode-go/contractapi/metadata/metadata.go:258.2,260.26 2 1
github.com/hyperledger/fabric-chaincode-go/contractapi/metadata/metadata.go:238.20,240.3 1 1
github.com/hyperledger/fabric-chaincode-go/contractapi/metadata/metadata.go:246.27,248.3 1 1
github.com/hyperledger/fabric-chaincode-go/contractapi/metadata/metadata.go:254.16,256.3 1 1
github.com/hyperledger/fabric-chaincode-go/contractapi/metadata/metadata.go:266.70,269.16 2 1
github.com/hyperledger/fabric-chaincode-go/contractapi/metadata/metadata.go:273.2,282.21 6 1
github.com/hyperledger/fabric-chaincode-go/contractapi/metadata/metadata.go:286.2,286.12 1 1
github.com/hyperledger/fabric-chaincode-go/contractapi/metadata/metadata.go:269.16,271.3 1 0
github.com/hyperledger/fabric-chaincode-go/contractapi/metadata/metadata.go:282.21,284.3 1 1
github.com/hyperledger/fabric-chaincode-go/contractapi/metadata/schema.go:22.89,24.2 1 1
github.com/hyperledger/fabric-chaincode-go/contractapi/metadata/schema.go:26.102,30.51 3 1
github.com/hyperledger/fabric-chaincode-go/contractapi/metadata/schema.go:48.2,48.16 1 1
github.com/hyperledger/fabric-chaincode-go/contractapi/metadata/schema.go:52.2,52.20 1 1
github.com/hyperledger/fabric-chaincode-go/contractapi/metadata/schema.go:30.51,31.30 1 1
github.com/hyperledger/fabric-chaincode-go/contractapi/metadata/schema.go:31.30,33.4 1 1
github.com/hyperledger/fabric-chaincode-go/contractapi/metadata/schema.go:33.9,33.43 1 1
github.com/hyperledger/fabric-chaincode-go/contractapi/metadata/schema.go:33.43,35.4 1 1
github.com/hyperledger/fabric-chaincode-go/contractapi/metadata/schema.go:35.9,35.43 1 1
github.com/hyperledger/fabric-chaincode-go/contractapi/metadata/schema.go:35.43,37.4 1 1
github.com/hyperledger/fabric-chaincode-go/contractapi/metadata/schema.go:37.9,37.41 1 1
github.com/hyperledger/fabric-chaincode-go/contractapi/metadata/schema.go:37.41,39.4 1 1
github.com/hyperledger/fabric-chaincode-go/contractapi/metadata/schema.go:39.9,39.118 1 1
github.com/hyperledger/fabric-chaincode-go/contractapi/metadata/schema.go:39.118,41.4 1 1
github.com/hyperledger/fabric-chaincode-go/contractapi/metadata/schema.go:41.9,43.4 1 1
github.com/hyperledger/fabric-chaincode-go/contractapi/metadata/schema.go:44.8,46.3 1 1
github.com/hyperledger/fabric-chaincode-go/contractapi/metadata/schema.go:48.16,50.3 1 1
github.com/hyperledger/fabric-chaincode-go/contractapi/metadata/schema.go:55.97,56.21 1 1
github.com/hyperledger/fabric-chaincode-go/contractapi/metadata/schema.go:60.2,62.16 2 1
github.com/hyperledger/fabric-chaincode-go/contractapi/metadata/schema.go:66.2,66.45 1 1
github.com/hyperledger/fabric-chaincode-go/contractapi/metadata/schema.go:56.21,58.3 1 1
github.com/hyperledger/fabric-chaincode-go/contractapi/metadata/schema.go:62.16,64.3 1 1
github.com/hyperledger/fabric-chaincode-go/contractapi/metadata/schema.go:69.97,70.21 1 1
github.com/hyperledger/fabric-chaincode-go/contractapi/metadata/schema.go:74.2,76.16 2 1
github.com/hyperledger/fabric-chaincode-go/contractapi/metadata/schema.go:80.2,80.45 1 1
github.com/hyperledger/fabric-chaincode-go/contractapi/metadata/schema.go:70.21,72.3 1 1
github.com/hyperledger/fabric-chaincode-go/contractapi/metadata/schema.go:76.16,78.3 1 1
github.com/hyperledger/fabric-chaincode-go/contractapi/metadata/schema.go:83.94,86.16 2 1
github.com/hyperledger/fabric-chaincode-go/contractapi/metadata/schema.go:90.2,90.43 1 1
github.com/hyperledger/fabric-chaincode-go/contractapi/metadata/schema.go:86.16,88.3 1 1
github.com/hyperledger/fabric-chaincode-go/contractapi/metadata/schema.go:93.85,94.31 1 1
github.com/hyperledger/fabric-chaincode-go/contractapi/metadata/schema.go:98.2,98.49 1 1
github.com/hyperledger/fabric-chaincode-go/contractapi/metadata/schema.go:102.2,108.31 6 1
github.com/hyperledger/fabric-chaincode-go/contractapi/metadata/schema.go:112.2,114.38 2 1
github.com/hyperledger/fabric-chaincode-go/contractapi/metadata/schema.go:123.2,125.12 2 1
github.com/hyperledger/fabric-chaincode-go/contractapi/metadata/schema.go:94.31,96.3 1 1
github.com/hyperledger/fabric-chaincode-go/contractapi/metadata/schema.go:98.49,100.3 1 1
github.com/hyperledger/fabric-chaincode-go/contractapi/metadata/schema.go:108.31,110.3 1 1
github.com/hyperledger/fabric-chaincode-go/contractapi/metadata/schema.go:114.38,117.17 2 1
github.com/hyperledger/fabric-chaincode-go/contractapi/metadata/schema.go:117.17,120.4 2 1
github.com/hyperledger/fabric-chaincode-go/contractapi/metadata/schema.go:128.103,129.21 1 1
github.com/hyperledger/fabric-chaincode-go/contractapi/metadata/schema.go:143.2,146.33 3 1
github.com/hyperledger/fabric-chaincode-go/contractapi/metadata/schema.go:158.2,158.75 1 1
github.com/hyperledger/fabric-chaincode-go/contractapi/metadata/schema.go:164.2,164.31 1 1
github.com/hyperledger/fabric-chaincode-go/contractapi/metadata/schema.go:168.2,172.16 3 1
github.com/hyperledger/fabric-chaincode-go/contractapi/metadata/schema.go:176.2,176.14 1 1
github.com/hyperledger/fabric-chaincode-go/contractapi/metadata/schema.go:180.2,182.12 2 1
github.com/hyperledger/fabric-chaincode-go/contractapi/metadata/schema.go:129.21,130.42 1 1
github.com/hyperledger/fabric-chaincode-go/contractapi/metadata/schema.go:140.3,140.13 1 1
github.com/hyperledger/fabric-chaincode-go/contractapi/metadata/schema.go:130.42,131.47 1 1
github.com/hyperledger/fabric-chaincode-go/contractapi/metadata/schema.go:131.47,134.19 2 1
github.com/hyperledger/fabric-chaincode-go/contractapi/metadata/schema.go:134.19,136.6 1 0
github.com/hyperledger/fabric-chaincode-go/contractapi/metadata/schema.go:146.33,151.31 3 1
github.com/hyperledger/fabric-chaincode-go/contractapi/metadata/schema.go:151.31,152.44 1 1
github.com/hyperledger/fabric-chaincode-go/contractapi/metadata/schema.go:152.44,154.5 1 1
github.com/hyperledger/fabric-chaincode-go/contractapi/metadata/schema.go:158.75,160.3 1 1
github.com/hyperledger/fabric-chaincode-go/contractapi/metadata/schema.go:160.8,160.23 1 1
github.com/hyperledger/fabric-chaincode-go/contractapi/metadata/schema.go:160.23,162.3 1 1
github.com/hyperledger/fabric-chaincode-go/contractapi/metadata/schema.go:164.31,166.3 1 1
github.com/hyperledger/fabric-chaincode-go/contractapi/metadata/schema.go:172.16,174.3 1 1
github.com/hyperledger/fabric-chaincode-go/contractapi/metadata/schema.go:176.14,178.3 1 1
github.com/hyperledger/fabric-chaincode-go/contractapi/metadata/schema.go:185.108,186.31 1 1
github.com/hyperledger/fabric-chaincode-go/contractapi/metadata/schema.go:190.2,192.16 2 1
github.com/hyperledger/fabric-chaincode-go/contractapi/metadata/schema.go:196.2,198.12 2 1
github.com/hyperledger/fabric-chaincode-go/contractapi/metadata/schema.go:202.2,202.50 1 1
github.com/hyperledger/fabric-chaincode-go/contractapi/metadata/schema.go:186.31,188.3 1 1
github.com/hyperledger/fabric-chaincode-go/contractapi/metadata/schema.go:192.16,194.3 1 1
github.com/hyperledger/fabric-chaincode-go/contractapi/metadata/schema.go:198.12,200.3 1 1
github.com/hyperledger/fabric-chaincode-go/shim/shim.go:38.74,39.24 1 1
github.com/hyperledger/fabric-chaincode-go/shim/shim.go:43.2,44.16 2 1
github.com/hyperledger/fabric-chaincode-go/shim/shim.go:48.2,49.16 2 1
github.com/hyperledger/fabric-chaincode-go/shim/shim.go:53.2,53.41 1 0
github.com/hyperledger/fabric-chaincode-go/shim/shim.go:39.24,41.3 1 1
github.com/hyperledger/fabric-chaincode-go/shim/shim.go:44.16,46.3 1 1
github.com/hyperledger/fabric-chaincode-go/shim/shim.go:49.16,51.3 1 1
github.com/hyperledger/fabric-chaincode-go/shim/shim.go:57.32,60.25 3 1
github.com/hyperledger/fabric-chaincode-go/shim/shim.go:65.2,65.25 1 1
github.com/hyperledger/fabric-chaincode-go/shim/shim.go:69.2,70.16 2 1
github.com/hyperledger/fabric-chaincode-go/shim/shim.go:74.2,76.12 2 1
github.com/hyperledger/fabric-chaincode-go/shim/shim.go:60.25,62.3 1 1
github.com/hyperledger/fabric-chaincode-go/shim/shim.go:65.25,67.3 1 1
github.com/hyperledger/fabric-chaincode-go/shim/shim.go:70.16,72.3 1 1
github.com/hyperledger/fabric-chaincode-go/shim/shim.go:81.88,83.2 1 0
github.com/hyperledger/fabric-chaincode-go/shim/shim.go:85.89,93.16 5 1
github.com/hyperledger/fabric-chaincode-go/shim/shim.go:98.2,98.126 1 1
github.com/hyperledger/fabric-chaincode-go/shim/shim.go:104.2,111.27 4 1
github.com/hyperledger/fabric-chaincode-go/shim/shim.go:116.2,117.6 2 1
github.com/hyperledger/fabric-chaincode-go/shim/shim.go:93.16,95.3 1 0
github.com/hyperledger/fabric-chaincode-go/shim/shim.go:98.126,101.3 1 0
github.com/hyperledger/fabric-chaincode-go/shim/shim.go:111.27,114.3 2 1
github.com/hyperledger/fabric-chaincode-go/shim/shim.go:117.6,118.10 1 1
github.com/hyperledger/fabric-chaincode-go/shim/shim.go:119.27,120.11 1 1
github.com/hyperledger/fabric-chaincode-go/shim/shim.go:139.26,140.22 1 0
github.com/hyperledger/fabric-chaincode-go/shim/shim.go:121.28,122.63 1 1
github.com/hyperledger/fabric-chaincode-go/shim/shim.go:123.25,125.15 2 1
github.com/hyperledger/fabric-chaincode-go/shim/shim.go:126.25,128.15 2 1
github.com/hyperledger/fabric-chaincode-go/shim/shim.go:129.12,131.19 2 1
github.com/hyperledger/fabric-chaincode-go/shim/shim.go:136.5,136.24 1 0
github.com/hyperledger/fabric-chaincode-go/shim/shim.go:131.19,134.6 2 1
github.com/hyperledger/fabric-chaincode-go/shim/shim.go:140.22,143.5 2 0
github.com/hyperledger/fabric-chaincode-go/shim/stub.go:42.150,56.27 2 1
github.com/hyperledger/fabric-chaincode-go/shim/stub.go:117.2,117.18 1 1
github.com/hyperledger/fabric-chaincode-go/shim/stub.go:56.27,61.17 4 1
github.com/hyperledger/fabric-chaincode-go/shim/stub.go:67.3,67.42 1 1
github.com/hyperledger/fabric-chaincode-go/shim/stub.go:72.3,73.73 2 1
github.com/hyperledger/fabric-chaincode-go/shim/stub.go:78.3,79.66 2 1
github.com/hyperledger/fabric-chaincode-go/shim/stub.go:82.3,86.53 2 1
github.com/hyperledger/fabric-chaincode-go/shim/stub.go:96.3,97.73 2 1
github.com/hyperledger/fabric-chaincode-go/shim/stub.go:100.3,104.78 3 1
github.com/hyperledger/fabric-chaincode-go/shim/stub.go:107.3,113.27 5 1
github.com/hyperledger/fabric-chaincode-go/shim/stub.go:61.17,64.4 1 1
github.com/hyperledger/fabric-chaincode-go/shim/stub.go:67.42,69.4 1 1
github.com/hyperledger/fabric-chaincode-go/shim/stub.go:73.73,75.4 1 0
github.com/hyperledger/fabric-chaincode-go/shim/stub.go:79.66,81.4 1 0
github.com/hyperledger/fabric-chaincode-go/shim/stub.go:86.53,93.4 1 1
github.com/hyperledger/fabric-chaincode-go/shim/stub.go:97.73,99.4 1 0
github.com/hyperledger/fabric-chaincode-go/shim/stub.go:104.78,106.4 1 0
github.com/hyperledger/fabric-chaincode-go/shim/stub.go:121.42,123.2 1 1
github.com/hyperledger/fabric-chaincode-go/shim/stub.go:126.47,128.2 1 1
github.com/hyperledger/fabric-chaincode-go/shim/stub.go:131.60,133.2 1 1
github.com/hyperledger/fabric-chaincode-go/shim/stub.go:138.106,140.19 1 1
github.com/hyperledger/fabric-chaincode-go/shim/stub.go:143.2,143.82 1 1
github.com/hyperledger/fabric-chaincode-go/shim/stub.go:140.19,142.3 1 1
github.com/hyperledger/fabric-chaincode-go/shim/stub.go:149.62,153.2 2 1
github.com/hyperledger/fabric-chaincode-go/shim/stub.go:156.82,158.2 1 1
github.com/hyperledger/fabric-chaincode-go/shim/stub.go:161.81,163.16 2 1
github.com/hyperledger/fabric-chaincode-go/shim/stub.go:166.2,166.52 1 1
github.com/hyperledger/fabric-chaincode-go/shim/stub.go:169.2,169.17 1 0
github.com/hyperledger/fabric-chaincode-go/shim/stub.go:163.16,165.3 1 1
github.com/hyperledger/fabric-chaincode-go/shim/stub.go:166.52,168.3 1 1
github.com/hyperledger/fabric-chaincode-go/shim/stub.go:173.66,174.15 1 1
github.com/hyperledger/fabric-chaincode-go/shim/stub.go:178.2,179.78 2 1
github.com/hyperledger/fabric-chaincode-go/shim/stub.go:174.15,176.3 1 0
github.com/hyperledger/fabric-chaincode-go/shim/stub.go:182.98,192.2 1 1
github.com/hyperledger/fabric-chaincode-go/shim/stub.go:195.91,202.2 3 1
github.com/hyperledger/fabric-chaincode-go/shim/stub.go:205.52,209.2 2 1
github.com/hyperledger/fabric-chaincode-go/shim/stub.go:214.87,215.22 1 1
github.com/hyperledger/fabric-chaincode-go/shim/stub.go:218.2,218.71 1 1
github.com/hyperledger/fabric-chaincode-go/shim/stub.go:215.22,217.3 1 1
github.com/hyperledger/fabric-chaincode-go/shim/stub.go:222.91,223.22 1 1
github.com/hyperledger/fabric-chaincode-go/shim/stub.go:226.2,226.81 1 1
github.com/hyperledger/fabric-chaincode-go/shim/stub.go:223.22,225.3 1 1
github.com/hyperledger/fabric-chaincode-go/shim/stub.go:230.91,231.22 1 1
github.com/hyperledger/fabric-chaincode-go/shim/stub.go:234.2,234.15 1 1
github.com/hyperledger/fabric-chaincode-go/shim/stub.go:237.2,237.78 1 1
github.com/hyperledger/fabric-chaincode-go/shim/stub.go:231.22,233.3 1 1
github.com/hyperledger/fabric-chaincode-go/shim/stub.go:234.15,236.3 1 1
github.com/hyperledger/fabric-chaincode-go/shim/stub.go:241.77,242.22 1 1
github.com/hyperledger/fabric-chaincode-go/shim/stub.go:245.2,245.71 1 1
github.com/hyperledger/fabric-chaincode-go/shim/stub.go:242.22,244.3 1 1
github.com/hyperledger/fabric-chaincode-go/shim/stub.go:249.121,250.22 1 1
github.com/hyperledger/fabric-chaincode-go/shim/stub.go:253.2,253.20 1 1
github.com/hyperledger/fabric-chaincode-go/shim/stub.go:256.2,256.61 1 1
github.com/hyperledger/fabric-chaincode-go/shim/stub.go:260.2,262.22 2 1
github.com/hyperledger/fabric-chaincode-go/shim/stub.go:250.22,252.3 1 1
github.com/hyperledger/fabric-chaincode-go/shim/stub.go:253.20,255.3 1 1
github.com/hyperledger/fabric-chaincode-go/shim/stub.go:256.61,258.3 1 0
github.com/hyperledger/fabric-chaincode-go/shim/stub.go:265.127,267.16 2 1
github.com/hyperledger/fabric-chaincode-go/shim/stub.go:270.2,273.30 3 1
github.com/hyperledger/fabric-chaincode-go/shim/stub.go:267.16,269.3 1 0
github.com/hyperledger/fabric-chaincode-go/shim/stub.go:277.150,278.22 1 1
github.com/hyperledger/fabric-chaincode-go/shim/stub.go:282.2,283.16 2 1
github.com/hyperledger/fabric-chaincode-go/shim/stub.go:287.2,289.22 2 1
github.com/hyperledger/fabric-chaincode-go/shim/stub.go:278.22,280.3 1 1
github.com/hyperledger/fabric-chaincode-go/shim/stub.go:283.16,285.3 1 0
github.com/hyperledger/fabric-chaincode-go/shim/stub.go:293.114,294.22 1 1
github.com/hyperledger/fabric-chaincode-go/shim/stub.go:298.2,300.22 2 1
github.com/hyperledger/fabric-chaincode-go/shim/stub.go:294.22,296.3 1 1
github.com/hyperledger/fabric-chaincode-go/shim/stub.go:304.99,306.16 2 1
github.com/hyperledger/fabric-chaincode-go/shim/stub.go:309.2,309.52 1 1
github.com/hyperledger/fabric-chaincode-go/shim/stub.go:312.2,312.17 1 0
github.com/hyperledger/fabric-chaincode-go/shim/stub.go:306.16,308.3 1 0
github.com/hyperledger/fabric-chaincode-go/shim/stub.go:309.52,311.3 1 1
github.com/hyperledger/fabric-chaincode-go/shim/stub.go:316.100,318.2 1 1
github.com/hyperledger/fabric-chaincode-go/shim/stub.go:354.91,357.16 3 1
github.com/hyperledger/fabric-chaincode-go/shim/stub.go:361.2,361.22 1 1
github.com/hyperledger/fabric-chaincode-go/shim/stub.go:357.16,359.3 1 0
github.com/hyperledger/fabric-chaincode-go/shim/stub.go:365.83,368.16 2 1
github.com/hyperledger/fabric-chaincode-go/shim/stub.go:372.2,374.16 3 1
github.com/hyperledger/fabric-chaincode-go/shim/stub.go:378.2,378.40 1 1
github.com/hyperledger/fabric-chaincode-go/shim/stub.go:368.16,370.3 1 1
github.com/hyperledger/fabric-chaincode-go/shim/stub.go:374.16,376.3 1 0
github.com/hyperledger/fabric-chaincode-go/shim/stub.go:382.83,385.16 2 1
github.com/hyperledger/fabric-chaincode-go/shim/stub.go:389.2,391.16 3 1
github.com/hyperledger/fabric-chaincode-go/shim/stub.go:395.2,395.40 1 1
github.com/hyperledger/fabric-chaincode-go/shim/stub.go:385.16,387.3 1 1
github.com/hyperledger/fabric-chaincode-go/shim/stub.go:391.16,393.3 1 0
github.com/hyperledger/fabric-chaincode-go/shim/stub.go:399.103,400.20 1 1
github.com/hyperledger/fabric-chaincode-go/shim/stub.go:403.2,403.61 1 1
github.com/hyperledger/fabric-chaincode-go/shim/stub.go:406.2,411.22 3 1
github.com/hyperledger/fabric-chaincode-go/shim/stub.go:400.20,402.3 1 1
github.com/hyperledger/fabric-chaincode-go/shim/stub.go:403.61,405.3 1 0
github.com/hyperledger/fabric-chaincode-go/shim/stub.go:415.93,417.16 2 1
github.com/hyperledger/fabric-chaincode-go/shim/stub.go:420.2,420.113 1 1
github.com/hyperledger/fabric-chaincode-go/shim/stub.go:417.16,419.3 1 1
github.com/hyperledger/fabric-chaincode-go/shim/stub.go:424.100,426.2 1 1
github.com/hyperledger/fabric-chaincode-go/shim/stub.go:429.90,431.2 1 0
github.com/hyperledger/fabric-chaincode-go/shim/stub.go:434.81,435.66 1 1
github.com/hyperledger/fabric-chaincode-go/shim/stub.go:438.2,439.33 2 1
github.com/hyperledger/fabric-chaincode-go/shim/stub.go:445.2,445.16 1 1
github.com/hyperledger/fabric-chaincode-go/shim/stub.go:435.66,437.3 1 0
github.com/hyperledger/fabric-chaincode-go/shim/stub.go:439.33,440.60 1 1
github.com/hyperledger/fabric-chaincode-go/shim/stub.go:443.3,443.42 1 1
github.com/hyperledger/fabric-chaincode-go/shim/stub.go:440.60,442.4 1 0
github.com/hyperledger/fabric-chaincode-go/shim/stub.go:448.71,451.41 3 0
github.com/hyperledger/fabric-chaincode-go/shim/stub.go:457.2,457.43 1 0
github.com/hyperledger/fabric-chaincode-go/shim/stub.go:451.41,452.45 1 0
github.com/hyperledger/fabric-chaincode-go/shim/stub.go:452.45,455.4 2 0
github.com/hyperledger/fabric-chaincode-go/shim/stub.go:460.54,461.28 1 1
github.com/hyperledger/fabric-chaincode-go/shim/stub.go:464.2,464.36 1 1
github.com/hyperledger/fabric-chaincode-go/shim/stub.go:470.2,470.12 1 1
github.com/hyperledger/fabric-chaincode-go/shim/stub.go:461.28,463.3 1 0
github.com/hyperledger/fabric-chaincode-go/shim/stub.go:464.36,465.75 1 1
github.com/hyperledger/fabric-chaincode-go/shim/stub.go:465.75,468.4 1 0
github.com/hyperledger/fabric-chaincode-go/shim/stub.go:477.53,478.33 1 1
github.com/hyperledger/fabric-chaincode-go/shim/stub.go:483.2,483.12 1 1
github.com/hyperledger/fabric-chaincode-go/shim/stub.go:478.33,479.57 1 1
github.com/hyperledger/fabric-chaincode-go/shim/stub.go:479.57,481.4 1 0
github.com/hyperledger/fabric-chaincode-go/shim/stub.go:492.132,495.16 3 1
github.com/hyperledger/fabric-chaincode-go/shim/stub.go:499.2,501.22 2 1
github.com/hyperledger/fabric-chaincode-go/shim/stub.go:495.16,497.3 1 0
github.com/hyperledger/fabric-chaincode-go/shim/stub.go:504.75,508.16 3 1
github.com/hyperledger/fabric-chaincode-go/shim/stub.go:511.2,511.27 1 1
github.com/hyperledger/fabric-chaincode-go/shim/stub.go:508.16,510.3 1 0
github.com/hyperledger/fabric-chaincode-go/shim/stub.go:516.83,518.20 1 1
github.com/hyperledger/fabric-chaincode-go/shim/stub.go:521.2,521.61 1 1
github.com/hyperledger/fabric-chaincode-go/shim/stub.go:525.2,528.16 3 1
github.com/hyperledger/fabric-chaincode-go/shim/stub.go:532.2,532.72 1 1
github.com/hyperledger/fabric-chaincode-go/shim/stub.go:518.20,520.3 1 1
github.com/hyperledger/fabric-chaincode-go/shim/stub.go:521.61,523.3 1 0
github.com/hyperledger/fabric-chaincode-go/shim/stub.go:528.16,530.3 1 0
github.com/hyperledger/fabric-chaincode-go/shim/stub.go:537.99,542.16 3 1
github.com/hyperledger/fabric-chaincode-go/shim/stub.go:546.2,547.16 2 1
github.com/hyperledger/fabric-chaincode-go/shim/stub.go:550.2,550.72 1 1
github.com/hyperledger/fabric-chaincode-go/shim/stub.go:542.16,544.3 1 0
github.com/hyperledger/fabric-chaincode-go/shim/stub.go:547.16,549.3 1 0
github.com/hyperledger/fabric-chaincode-go/shim/stub.go:555.83,560.16 3 1
github.com/hyperledger/fabric-chaincode-go/shim/stub.go:563.2,563.60 1 1
github.com/hyperledger/fabric-chaincode-go/shim/stub.go:560.16,562.3 1 0
github.com/hyperledger/fabric-chaincode-go/shim/stub.go:567.65,569.16 2 1
github.com/hyperledger/fabric-chaincode-go/shim/stub.go:572.2,572.38 1 1
github.com/hyperledger/fabric-chaincode-go/shim/stub.go:569.16,571.3 1 0
github.com/hyperledger/fabric-chaincode-go/shim/stub.go:576.80,578.16 2 1
github.com/hyperledger/fabric-chaincode-go/shim/stub.go:581.2,581.51 1 1
github.com/hyperledger/fabric-chaincode-go/shim/stub.go:578.16,580.3 1 0
github.com/hyperledger/fabric-chaincode-go/shim/stub.go:585.44,586.75 1 1
github.com/hyperledger/fabric-chaincode-go/shim/stub.go:589.2,589.14 1 1
github.com/hyperledger/fabric-chaincode-go/shim/stub.go:586.75,588.3 1 1
github.com/hyperledger/fabric-chaincode-go/shim/stub.go:597.41,599.31 1 1
github.com/hyperledger/fabric-chaincode-go/shim/stub.go:613.2,613.45 1 0
github.com/hyperledger/fabric-chaincode-go/shim/stub.go:599.31,601.89 2 1
github.com/hyperledger/fabric-chaincode-go/shim/stub.go:604.3,604.31 1 1
github.com/hyperledger/fabric-chaincode-go/shim/stub.go:601.89,603.4 1 0
github.com/hyperledger/fabric-chaincode-go/shim/stub.go:606.8,606.40 1 1
github.com/hyperledger/fabric-chaincode-go/shim/stub.go:606.40,608.91 2 1
github.com/hyperledger/fabric-chaincode-go/shim/stub.go:611.3,611.33 1 1
github.com/hyperledger/fabric-chaincode-go/shim/stub.go:608.91,610.4 1 0
github.com/hyperledger/fabric-chaincode-go/shim/stub.go:616.58,618.16 2 1
github.com/hyperledger/fabric-chaincode-go/shim/stub.go:621.2,623.12 3 1
github.com/hyperledger/fabric-chaincode-go/shim/stub.go:618.16,620.3 1 0
github.com/hyperledger/fabric-chaincode-go/shim/stub.go:629.79,630.50 1 1
github.com/hyperledger/fabric-chaincode-go/shim/stub.go:653.2,653.50 1 0
github.com/hyperledger/fabric-chaincode-go/shim/stub.go:630.50,633.17 2 1
github.com/hyperledger/fabric-chaincode-go/shim/stub.go:636.3,638.77 2 1
github.com/hyperledger/fabric-chaincode-go/shim/stub.go:645.3,645.26 1 1
github.com/hyperledger/fabric-chaincode-go/shim/stub.go:633.17,635.4 1 0
github.com/hyperledger/fabric-chaincode-go/shim/stub.go:638.77,640.53 1 1
github.com/hyperledger/fabric-chaincode-go/shim/stub.go:640.53,642.5 1 0
github.com/hyperledger/fabric-chaincode-go/shim/stub.go:646.8,646.35 1 0
github.com/hyperledger/fabric-chaincode-go/shim/stub.go:646.35,649.3 1 0
github.com/hyperledger/fabric-chaincode-go/shim/stub.go:657.43,660.2 2 1
github.com/hyperledger/fabric-chaincode-go/shim/stub.go:663.44,665.2 1 1
github.com/hyperledger/fabric-chaincode-go/shim/stub.go:668.50,671.28 3 1
github.com/hyperledger/fabric-chaincode-go/shim/stub.go:674.2,674.16 1 1
github.com/hyperledger/fabric-chaincode-go/shim/stub.go:671.28,673.3 1 1
github.com/hyperledger/fabric-chaincode-go/shim/stub.go:678.87,682.23 4 1
github.com/hyperledger/fabric-chaincode-go/shim/stub.go:686.2,686.8 1 1
github.com/hyperledger/fabric-chaincode-go/shim/stub.go:682.23,685.3 2 1
github.com/hyperledger/fabric-chaincode-go/shim/stub.go:690.54,692.2 1 1
github.com/hyperledger/fabric-chaincode-go/shim/stub.go:695.67,697.2 1 1
github.com/hyperledger/fabric-chaincode-go/shim/stub.go:700.54,702.2 1 1
github.com/hyperledger/fabric-chaincode-go/shim/stub.go:705.73,707.2 1 1
github.com/hyperledger/fabric-chaincode-go/shim/stub.go:710.56,713.28 3 1
github.com/hyperledger/fabric-chaincode-go/shim/stub.go:716.2,716.17 1 1
github.com/hyperledger/fabric-chaincode-go/shim/stub.go:713.28,715.3 1 1
github.com/hyperledger/fabric-chaincode-go/shim/stub.go:720.72,722.64 2 1
github.com/hyperledger/fabric-chaincode-go/shim/stub.go:726.2,727.65 2 1
github.com/hyperledger/fabric-chaincode-go/shim/stub.go:731.2,731.33 1 1
github.com/hyperledger/fabric-chaincode-go/shim/stub.go:722.64,724.3 1 1
github.com/hyperledger/fabric-chaincode-go/shim/stub.go:727.65,729.3 1 1
github.com/hyperledger/fabric-chaincode-go/shim/stub.go:737.69,738.16 1 1
github.com/hyperledger/fabric-chaincode-go/shim/stub.go:741.2,742.12 2 1
github.com/hyperledger/fabric-chaincode-go/shim/stub.go:738.16,740.3 1 1
github.com/hyperledger/fabric-chaincode-go/shim/handler.go:52.36,53.19 1 1
github.com/hyperledger/fabric-chaincode-go/shim/handler.go:56.2,56.18 1 0
github.com/hyperledger/fabric-chaincode-go/shim/handler.go:53.19,55.3 1 1
github.com/hyperledger/fabric-chaincode-go/shim/handler.go:60.62,65.2 3 1
github.com/hyperledger/fabric-chaincode-go/shim/handler.go:70.80,71.12 1 1
github.com/hyperledger/fabric-chaincode-go/shim/handler.go:71.12,73.3 1 1
github.com/hyperledger/fabric-chaincode-go/shim/handler.go:78.56,80.2 1 1
github.com/hyperledger/fabric-chaincode-go/shim/handler.go:82.101,86.31 3 1
github.com/hyperledger/fabric-chaincode-go/shim/handler.go:90.2,91.40 2 1
github.com/hyperledger/fabric-chaincode-go/shim/handler.go:95.2,97.26 3 1
github.com/hyperledger/fabric-chaincode-go/shim/handler.go:86.31,88.3 1 1
github.com/hyperledger/fabric-chaincode-go/shim/handler.go:91.40,93.3 1 0
github.com/hyperledger/fabric-chaincode-go/shim/handler.go:100.65,103.31 3 1
github.com/hyperledger/fabric-chaincode-go/shim/handler.go:103.31,106.3 2 1
github.com/hyperledger/fabric-chaincode-go/shim/handler.go:109.66,113.31 3 1
github.com/hyperledger/fabric-chaincode-go/shim/handler.go:117.2,119.23 3 1
github.com/hyperledger/fabric-chaincode-go/shim/handler.go:122.2,123.12 2 1
github.com/hyperledger/fabric-chaincode-go/shim/handler.go:113.31,115.3 1 0
github.com/hyperledger/fabric-chaincode-go/shim/handler.go:119.23,121.3 1 1
github.com/hyperledger/fabric-chaincode-go/shim/handler.go:130.127,132.16 2 1
github.com/hyperledger/fabric-chaincode-go/shim/handler.go:136.2,137.20 2 1
github.com/hyperledger/fabric-chaincode-go/shim/handler.go:132.16,134.3 1 0
github.com/hyperledger/fabric-chaincode-go/shim/handler.go:141.92,148.2 1 1
github.com/hyperledger/fabric-chaincode-go/shim/handler.go:152.111,154.16 2 1
github.com/hyperledger/fabric-chaincode-go/shim/handler.go:157.2,157.31 1 1
github.com/hyperledger/fabric-chaincode-go/shim/handler.go:154.16,156.3 1 1
github.com/hyperledger/fabric-chaincode-go/shim/handler.go:161.86,165.16 3 1
github.com/hyperledger/fabric-chaincode-go/shim/handler.go:170.2,171.16 2 1
github.com/hyperledger/fabric-chaincode-go/shim/handler.go:175.2,176.25 2 1
github.com/hyperledger/fabric-chaincode-go/shim/handler.go:180.2,181.16 2 1
github.com/hyperledger/fabric-chaincode-go/shim/handler.go:185.2,185.170 1 1
github.com/hyperledger/fabric-chaincode-go/shim/handler.go:165.16,167.3 1 1
github.com/hyperledger/fabric-chaincode-go/shim/handler.go:171.16,173.3 1 0
github.com/hyperledger/fabric-chaincode-go/shim/handler.go:176.25,178.3 1 0
github.com/hyperledger/fabric-chaincode-go/shim/handler.go:181.16,183.3 1 0
github.com/hyperledger/fabric-chaincode-go/shim/handler.go:189.93,193.16 3 1
github.com/hyperledger/fabric-chaincode-go/shim/handler.go:198.2,199.16 2 1
github.com/hyperledger/fabric-chaincode-go/shim/handler.go:203.2,207.16 3 1
github.com/hyperledger/fabric-chaincode-go/shim/handler.go:211.2,211.170 1 1
github.com/hyperledger/fabric-chaincode-go/shim/handler.go:193.16,195.3 1 1
github.com/hyperledger/fabric-chaincode-go/shim/handler.go:199.16,201.3 1 0
github.com/hyperledger/fabric-chaincode-go/shim/handler.go:207.16,209.3 1 0
github.com/hyperledger/fabric-chaincode-go/shim/handler.go:216.123,219.16 2 1
github.com/hyperledger/fabric-chaincode-go/shim/handler.go:222.2,224.37 2 1
github.com/hyperledger/fabric-chaincode-go/shim/handler.go:219.16,221.3 1 1
github.com/hyperledger/fabric-chaincode-go/shim/handler.go:228.112,234.16 4 1
github.com/hyperledger/fabric-chaincode-go/shim/handler.go:238.2,238.54 1 1
github.com/hyperledger/fabric-chaincode-go/shim/handler.go:242.2,242.51 1 1
github.com/hyperledger/fabric-chaincode-go/shim/handler.go:248.2,248.196 1 0
github.com/hyperledger/fabric-chaincode-go/shim/handler.go:234.16,236.3 1 1
github.com/hyperledger/fabric-chaincode-go/shim/handler.go:238.54,241.3 1 1
github.com/hyperledger/fabric-chaincode-go/shim/handler.go:242.51,245.3 1 1
github.com/hyperledger/fabric-chaincode-go/shim/handler.go:251.122,257.16 4 1
github.com/hyperledger/fabric-chaincode-go/shim/handler.go:261.2,261.54 1 1
github.com/hyperledger/fabric-chaincode-go/shim/handler.go:265.2,265.51 1 1
github.com/hyperledger/fabric-chaincode-go/shim/handler.go:271.2,271.196 1 0
github.com/hyperledger/fabric-chaincode-go/shim/handler.go:257.16,259.3 1 1
github.com/hyperledger/fabric-chaincode-go/shim/handler.go:261.54,264.3 1 1
github.com/hyperledger/fabric-chaincode-go/shim/handler.go:265.51,268.3 1 1
github.com/hyperledger/fabric-chaincode-go/shim/handler.go:274.131,280.16 4 1
github.com/hyperledger/fabric-chaincode-go/shim/handler.go:284.2,284.54 1 1
github.com/hyperledger/fabric-chaincode-go/shim/handler.go:298.2,298.51 1 1
github.com/hyperledger/fabric-chaincode-go/shim/handler.go:304.2,304.196 1 0
github.com/hyperledger/fabric-chaincode-go/shim/handler.go:280.16,282.3 1 1
github.com/hyperledger/fabric-chaincode-go/shim/handler.go:284.54,288.17 3 1
github.com/hyperledger/fabric-chaincode-go/shim/handler.go:291.3,292.39 2 1
github.com/hyperledger/fabric-chaincode-go/shim/handler.go:296.3,296.23 1 1
github.com/hyperledger/fabric-chaincode-go/shim/handler.go:288.17,290.4 1 0
github.com/hyperledger/fabric-chaincode-go/shim/handler.go:292.39,294.4 1 1
github.com/hyperledger/fabric-chaincode-go/shim/handler.go:298.51,301.3 1 1
github.com/hyperledger/fabric-chaincode-go/shim/handler.go:308.116,316.16 4 1
github.com/hyperledger/fabric-chaincode-go/shim/handler.go:320.2,320.54 1 1
github.com/hyperledger/fabric-chaincode-go/shim/handler.go:325.2,325.51 1 1
github.com/hyperledger/fabric-chaincode-go/shim/handler.go:331.2,331.191 1 0
github.com/hyperledger/fabric-chaincode-go/shim/handler.go:316.16,318.3 1 1
github.com/hyperledger/fabric-chaincode-go/shim/handler.go:320.54,323.3 1 1
github.com/hyperledger/fabric-chaincode-go/shim/handler.go:325.51,328.3 1 1
github.com/hyperledger/fabric-chaincode-go/shim/handler.go:334.148,342.16 5 1
github.com/hyperledger/fabric-chaincode-go/shim/handler.go:346.2,346.54 1 1
github.com/hyperledger/fabric-chaincode-go/shim/handler.go:351.2,351.51 1 1
github.com/hyperledger/fabric-chaincode-go/shim/handler.go:357.2,357.190 1 0
github.com/hyperledger/fabric-chaincode-go/shim/handler.go:342.16,344.3 1 1
github.com/hyperledger/fabric-chaincode-go/shim/handler.go:346.54,349.3 1 1
github.com/hyperledger/fabric-chaincode-go/shim/handler.go:351.51,354.3 1 1
github.com/hyperledger/fabric-chaincode-go/shim/handler.go:361.102,366.16 4 1
github.com/hyperledger/fabric-chaincode-go/shim/handler.go:370.2,370.54 1 1
github.com/hyperledger/fabric-chaincode-go/shim/handler.go:374.2,374.51 1 1
github.com/hyperledger/fabric-chaincode-go/shim/handler.go:380.2,380.191 1 0
github.com/hyperledger/fabric-chaincode-go/shim/handler.go:366.16,368.3 1 1
github.com/hyperledger/fabric-chaincode-go/shim/handler.go:370.54,373.3 1 1
github.com/hyperledger/fabric-chaincode-go/shim/handler.go:374.51,377.3 1 1
github.com/hyperledger/fabric-chaincode-go/shim/handler.go:384.60,389.16 4 1
github.com/hyperledger/fabric-chaincode-go/shim/handler.go:393.2,393.54 1 1
github.com/hyperledger/fabric-chaincode-go/shim/handler.go:403.2,403.51 1 1
github.com/hyperledger/fabric-chaincode-go/shim/handler.go:409.2,409.162 1 0
github.com/hyperledger/fabric-chaincode-go/shim/handler.go:389.16,391.3 1 1
github.com/hyperledger/fabric-chaincode-go/shim/handler.go:393.54,397.17 3 1
github.com/hyperledger/fabric-chaincode-go/shim/handler.go:401.3,401.33 1 1
github.com/hyperledger/fabric-chaincode-go/shim/handler.go:397.17,399.4 1 0
github.com/hyperledger/fabric-chaincode-go/shim/handler.go:403.51,406.3 1 1
github.com/hyperledger/fabric-chaincode-go/shim/handler.go:412.95,415.16 2 1
github.com/hyperledger/fabric-chaincode-go/shim/handler.go:418.2,427.65 5 1
github.com/hyperledger/fabric-chaincode-go/shim/handler.go:431.2,431.54 1 1
github.com/hyperledger/fabric-chaincode-go/shim/handler.go:440.2,440.51 1 1
github.com/hyperledger/fabric-chaincode-go/shim/handler.go:446.2,446.162 1 0
github.com/hyperledger/fabric-chaincode-go/shim/handler.go:415.16,417.3 1 1
github.com/hyperledger/fabric-chaincode-go/shim/handler.go:427.65,429.3 1 0
github.com/hyperledger/fabric-chaincode-go/shim/handler.go:431.54,434.76 2 1
github.com/hyperledger/fabric-chaincode-go/shim/handler.go:438.3,438.28 1 1
github.com/hyperledger/fabric-chaincode-go/shim/handler.go:434.76,436.4 1 0
github.com/hyperledger/fabric-chaincode-go/shim/handler.go:440.51,443.3 1 1
github.com/hyperledger/fabric-chaincode-go/shim/handler.go:449.96,452.16 2 1
github.com/hyperledger/fabric-chaincode-go/shim/handler.go:455.2,464.65 5 1
github.com/hyperledger/fabric-chaincode-go/shim/handler.go:468.2,468.54 1 1
github.com/hyperledger/fabric-chaincode-go/shim/handler.go:477.2,477.51 1 1
github.com/hyperledger/fabric-chaincode-go/shim/handler.go:483.2,483.162 1 0
github.com/hyperledger/fabric-chaincode-go/shim/handler.go:452.16,454.3 1 1
github.com/hyperledger/fabric-chaincode-go/shim/handler.go:464.65,466.3 1 0
github.com/hyperledger/fabric-chaincode-go/shim/handler.go:468.54,471.76 2 1
github.com/hyperledger/fabric-chaincode-go/shim/handler.go:475.3,475.28 1 1
github.com/hyperledger/fabric-chaincode-go/shim/handler.go:471.76,473.4 1 0
github.com/hyperledger/fabric-chaincode-go/shim/handler.go:477.51,480.3 1 1
github.com/hyperledger/fabric-chaincode-go/shim/handler.go:487.60,492.16 4 1
github.com/hyperledger/fabric-chaincode-go/shim/handler.go:496.2,496.54 1 1
github.com/hyperledger/fabric-chaincode-go/shim/handler.go:505.2,505.51 1 1
[...]
github.com/hyperledger/fabric-chaincode-go/contractapi/contract_chaincode.go:164.2,175.30 8 1
github.com/hyperledger/fabric-chaincode-go/contractapi/contract_chaincode.go:183.2,189.44 5 1
github.com/hyperledger/fabric-chaincode-go/contractapi/contract_chaincode.go:209.2,209.24 1 1
github.com/hyperledger/fabric-chaincode-go/contractapi/contract_chaincode.go:213.2,215.29 2 1
github.com/hyperledger/fabric-chaincode-go/contractapi/contract_chaincode.go:223.2,223.44 1 1
github.com/hyperledger/fabric-chaincode-go/contractapi/contract_chaincode.go:139.14,142.3 2 1
github.com/hyperledger/fabric-chaincode-go/contractapi/contract_chaincode.go:142.8,145.3 2 1
github.com/hyperledger/fabric-chaincode-go/contractapi/contract_chaincode.go:147.36,149.3 1 1
github.com/hyperledger/fabric-chaincode-go/contractapi/contract_chaincode.go:151.14,153.3 1 1
github.com/hyperledger/fabric-chaincode-go/contractapi/contract_chaincode.go:159.32,162.3 2 1
github.com/hyperledger/fabric-chaincode-go/contractapi/contract_chaincode.go:175.30,178.20 2 1
github.com/hyperledger/fabric-chaincode-go/contractapi/contract_chaincode.go:178.20,180.4 1 1
github.com/hyperledger/fabric-chaincode-go/contractapi/contract_chaincode.go:189.44,191.32 2 1
github.com/hyperledger/fabric-chaincode-go/contractapi/contract_chaincode.go:195.3,195.91 1 1
github.com/hyperledger/fabric-chaincode-go/contractapi/contract_chaincode.go:191.32,193.4 1 1
github.com/hyperledger/fabric-chaincode-go/contractapi/contract_chaincode.go:196.8,199.60 2 1
github.com/hyperledger/fabric-chaincode-go/contractapi/contract_chaincode.go:206.3,206.147 1 1
github.com/hyperledger/fabric-chaincode-go/contractapi/contract_chaincode.go:199.60,200.20 1 1
github.com/hyperledger/fabric-chaincode-go/contractapi/contract_chaincode.go:200.20,202.10 2 1
github.com/hyperledger/fabric-chaincode-go/contractapi/contract_chaincode.go:209.24,211.3 1 1
github.com/hyperledger/fabric-chaincode-go/contractapi/contract_chaincode.go:215.29,218.20 2 1
github.com/hyperledger/fabric-chaincode-go/contractapi/contract_chaincode.go:218.20,220.4 1 1
github.com/hyperledger/fabric-chaincode-go/contractapi/contract_chaincode.go:226.99,229.14 2 1
github.com/hyperledger/fabric-chaincode-go/contractapi/contract_chaincode.go:233.2,233.35 1 1
github.com/hyperledger/fabric-chaincode-go/contractapi/contract_chaincode.go:237.2,243.28 6 1
github.com/hyperledger/fabric-chaincode-go/contractapi/contract_chaincode.go:247.2,247.26 1 1
github.com/hyperledger/fabric-chaincode-go/contractapi/contract_chaincode.go:251.2,256.15 4 1
github.com/hyperledger/fabric-chaincode-go/contractapi/contract_chaincode.go:265.2,267.15 2 1
github.com/hyperledger/fabric-chaincode-go/contractapi/contract_chaincode.go:276.2,278.15 2 1
github.com/hyperledger/fabric-chaincode-go/contractapi/contract_chaincode.go:287.2,289.59 2 1
github.com/hyperledger/fabric-chaincode-go/contractapi/contract_chaincode.go:293.2,293.48 1 1
github.com/hyperledger/fabric-chaincode-go/contractapi/contract_chaincode.go:314.2,316.30 2 1
github.com/hyperledger/fabric-chaincode-go/contractapi/contract_chaincode.go:320.2,320.12 1 1
github.com/hyperledger/fabric-chaincode-go/contractapi/contract_chaincode.go:229.14,231.3 1 1
github.com/hyperledger/fabric-chaincode-go/contractapi/contract_chaincode.go:233.35,235.3 1 1
github.com/hyperledger/fabric-chaincode-go/contractapi/contract_chaincode.go:243.28,245.3 1 1
github.com/hyperledger/fabric-chaincode-go/contractapi/contract_chaincode.go:247.26,249.3 1 1
github.com/hyperledger/fabric-chaincode-go/contractapi/contract_chaincode.go:256.15,260.17 3 1
github.com/hyperledger/fabric-chaincode-go/contractapi/contract_chaincode.go:260.17,262.4 1 1
github.com/hyperledger/fabric-chaincode-go/contractapi/contract_chaincode.go:267.15,271.17 3 1
github.com/hyperledger/fabric-chaincode-go/contractapi/contract_chaincode.go:271.17,273.4 1 1
github.com/hyperledger/fabric-chaincode-go/contractapi/contract_chaincode.go:278.15,282.17 3 1
github.com/hyperledger/fabric-chaincode-go/contractapi/contract_chaincode.go:282.17,284.4 1 1
github.com/hyperledger/fabric-chaincode-go/contractapi/contract_chaincode.go:289.59,291.3 1 1
github.com/hyperledger/fabric-chaincode-go/contractapi/contract_chaincode.go:293.48,297.58 3 1
github.com/hyperledger/fabric-chaincode-go/contractapi/contract_chaincode.go:297.58,302.61 3 1
github.com/hyperledger/fabric-chaincode-go/contractapi/contract_chaincode.go:306.4,308.18 2 1
github.com/hyperledger/fabric-chaincode-go/contractapi/contract_chaincode.go:302.61,304.5 1 1
github.com/hyperledger/fabric-chaincode-go/contractapi/contract_chaincode.go:308.18,310.5 1 1
github.com/hyperledger/fabric-chaincode-go/contractapi/contract_chaincode.go:316.30,318.3 1 1
github.com/hyperledger/fabric-chaincode-go/contractapi/contract_chaincode.go:323.83,329.27 5 1
github.com/hyperledger/fabric-chaincode-go/contractapi/contract_chaincode.go:333.2,333.25 1 1
github.com/hyperledger/fabric-chaincode-go/contractapi/contract_chaincode.go:337.2,337.42 1 1
github.com/hyperledger/fabric-chaincode-go/contractapi/contract_chaincode.go:356.2,356.26 1 1
github.com/hyperledger/fabric-chaincode-go/contractapi/contract_chaincode.go:329.27,331.3 1 1
github.com/hyperledger/fabric-chaincode-go/contractapi/contract_chaincode.go:333.25,335.3 1 1
github.com/hyperledger/fabric-chaincode-go/contractapi/contract_chaincode.go:337.42,343.43 5 1
github.com/hyperledger/fabric-chaincode-go/contractapi/contract_chaincode.go:349.3,349.65 1 1
github.com/hyperledger/fabric-chaincode-go/contractapi/contract_chaincode.go:353.3,353.54 1 1
github.com/hyperledger/fabric-chaincode-go/contractapi/contract_chaincode.go:343.43,347.4 2 1
github.com/hyperledger/fabric-chaincode-go/contractapi/contract_chaincode.go:349.65,351.4 1 1
github.com/hyperledger/fabric-chaincode-go/contractapi/contract_chaincode.go:359.54,362.87 2 1
github.com/hyperledger/fabric-chaincode-go/contractapi/contract_chaincode.go:366.2,371.16 4 1
github.com/hyperledger/fabric-chaincode-go/contractapi/contract_chaincode.go:375.2,377.16 2 1
github.com/hyperledger/fabric-chaincode-go/contractapi/contract_chaincode.go:381.2,383.12 2 1
github.com/hyperledger/fabric-chaincode-go/contractapi/contract_chaincode.go:362.87,364.3 1 0
github.com/hyperledger/fabric-chaincode-go/contractapi/contract_chaincode.go:371.16,373.3 1 0
github.com/hyperledger/fabric-chaincode-go/contractapi/contract_chaincode.go:377.16,379.3 1 0
github.com/hyperledger/fabric-chaincode-go/contractapi/contract_chaincode.go:386.30,394.47 6 1
github.com/hyperledger/fabric-chaincode-go/contractapi/contract_chaincode.go:400.2,400.18 1 1
github.com/hyperledger/fabric-chaincode-go/contractapi/contract_chaincode.go:394.47,395.50 1 1
github.com/hyperledger/fabric-chaincode-go/contractapi/contract_chaincode.go:395.50,397.4 1 1
github.com/hyperledger/fabric-chaincode-go/contractapi/system_contract.go:12.56,14.2 1 1
github.com/hyperledger/fabric-chaincode-go/contractapi/system_contract.go:20.48,22.2 1 1
github.com/hyperledger/fabric-chaincode-go/contractapi/system_contract.go:28.62,30.2 1 1
github.com/hyperledger/fabric-chaincode-go/contractapi/transaction_context.go:47.74,49.2 1 1
github.com/hyperledger/fabric-chaincode-go/contractapi/transaction_context.go:52.73,54.2 1 1
github.com/hyperledger/fabric-chaincode-go/contractapi/transaction_context.go:57.70,59.2 1 1
github.com/hyperledger/fabric-chaincode-go/contractapi/transaction_context.go:62.71,64.2 1 1
github.com/hyperledger/fabric-chaincode-go/shim/internal/client.go:28.29,40.20 2 1
github.com/hyperledger/fabric-chaincode-go/shim/internal/client.go:47.2,49.52 3 1
github.com/hyperledger/fabric-chaincode-go/shim/internal/client.go:40.20,43.3 2 0
github.com/hyperledger/fabric-chaincode-go/shim/internal/client.go:43.8,45.3 1 1
github.com/hyperledger/fabric-chaincode-go/shim/internal/client.go:53.95,55.2 1 1
github.com/hyperledger/fabric-chaincode-go/shim/internal/config.go:28.35,31.16 3 1
github.com/hyperledger/fabric-chaincode-go/shim/internal/config.go:35.2,45.17 2 1
github.com/hyperledger/fabric-chaincode-go/shim/internal/config.go:49.2,51.9 3 1
github.com/hyperledger/fabric-chaincode-go/shim/internal/config.go:67.2,69.9 3 1
github.com/hyperledger/fabric-chaincode-go/shim/internal/config.go:85.2,86.16 2 1
github.com/hyperledger/fabric-chaincode-go/shim/internal/config.go:90.2,91.54 2 1
github.com/hyperledger/fabric-chaincode-go/shim/internal/config.go:94.2,95.16 2 1
github.com/hyperledger/fabric-chaincode-go/shim/internal/config.go:99.2,105.18 2 1
github.com/hyperledger/fabric-chaincode-go/shim/internal/config.go:31.16,33.3 1 1
github.com/hyperledger/fabric-chaincode-go/shim/internal/config.go:45.17,47.3 1 1
github.com/hyperledger/fabric-chaincode-go/shim/internal/config.go:51.9,53.17 2 1
github.com/hyperledger/fabric-chaincode-go/shim/internal/config.go:53.17,55.4 1 0
github.com/hyperledger/fabric-chaincode-go/shim/internal/config.go:56.8,58.17 2 1
github.com/hyperledger/fabric-chaincode-go/shim/internal/config.go:61.3,62.17 2 1
github.com/hyperledger/fabric-chaincode-go/shim/internal/config.go:58.17,60.4 1 1
github.com/hyperledger/fabric-chaincode-go/shim/internal/config.go:62.17,64.4 1 1
github.com/hyperledger/fabric-chaincode-go/shim/internal/config.go:69.9,71.17 2 1
github.com/hyperledger/fabric-chaincode-go/shim/internal/config.go:71.17,73.4 1 0
github.com/hyperledger/fabric-chaincode-go/shim/internal/config.go:74.8,76.17 2 1
github.com/hyperledger/fabric-chaincode-go/shim/internal/config.go:79.3,80.17 2 1
github.com/hyperledger/fabric-chaincode-go/shim/internal/config.go:76.17,78.4 1 1
github.com/hyperledger/fabric-chaincode-go/shim/internal/config.go:80.17,82.4 1 1
github.com/hyperledger/fabric-chaincode-go/shim/internal/config.go:86.16,88.3 1 1
github.com/hyperledger/fabric-chaincode-go/shim/internal/config.go:91.54,93.3 1 1
github.com/hyperledger/fabric-chaincode-go/shim/internal/config.go:95.16,97.3 1 1
github.com/hyperledger/fabric-chaincode-go/shimtest/mockstub.go:79.40,81.2 1 1
github.com/hyperledger/fabric-chaincode-go/shimtest/mockstub.go:84.45,86.2 1 1
github.com/hyperledger/fabric-chaincode-go/shimtest/mockstub.go:89.42,91.2 1 1
github.com/hyperledger/fabric-chaincode-go/shimtest/mockstub.go:94.48,97.28 3 1
github.com/hyperledger/fabric-chaincode-go/shimtest/mockstub.go:100.2,100.16 1 1
github.com/hyperledger/fabric-chaincode-go/shimtest/mockstub.go:97.28,99.3 1 0
github.com/hyperledger/fabric-chaincode-go/shimtest/mockstub.go:104.85,108.23 4 1
github.com/hyperledger/fabric-chaincode-go/shimtest/mockstub.go:112.2,112.8 1 1
github.com/hyperledger/fabric-chaincode-go/shimtest/mockstub.go:108.23,111.3 2 0
github.com/hyperledger/fabric-chaincode-go/shimtest/mockstub.go:118.57,122.2 3 1
github.com/hyperledger/fabric-chaincode-go/shimtest/mockstub.go:125.55,128.2 2 1
github.com/hyperledger/fabric-chaincode-go/shimtest/mockstub.go:134.109,136.19 1 1
github.com/hyperledger/fabric-chaincode-go/shimtest/mockstub.go:139.2,139.53 1 1
github.com/hyperledger/fabric-chaincode-go/shimtest/mockstub.go:136.19,138.3 1 1
github.com/hyperledger/fabric-chaincode-go/shimtest/mockstub.go:143.72,149.2 5 1
github.com/hyperledger/fabric-chaincode-go/shimtest/mockstub.go:152.74,158.2 5 1
github.com/hyperledger/fabric-chaincode-go/shimtest/mockstub.go:161.58,163.2 1 0
github.com/hyperledger/fabric-chaincode-go/shimtest/mockstub.go:166.115,173.2 6 1
github.com/hyperledger/fabric-chaincode-go/shimtest/mockstub.go:176.85,179.9 2 0
github.com/hyperledger/fabric-chaincode-go/shimtest/mockstub.go:183.2,183.20 1 0
github.com/hyperledger/fabric-chaincode-go/shimtest/mockstub.go:179.9,181.3 1 0
github.com/hyperledger/fabric-chaincode-go/shimtest/mockstub.go:187.82,189.2 1 0
github.com/hyperledger/fabric-chaincode-go/shimtest/mockstub.go:192.89,194.9 2 0
github.com/hyperledger/fabric-chaincode-go/shimtest/mockstub.go:199.2,201.12 2 0
github.com/hyperledger/fabric-chaincode-go/shimtest/mockstub.go:194.9,197.3 2 0
github.com/hyperledger/fabric-chaincode-go/shimtest/mockstub.go:205.75,207.2 1 0
github.com/hyperledger/fabric-chaincode-go/shimtest/mockstub.go:210.124,212.2 1 0
github.com/hyperledger/fabric-chaincode-go/shimtest/mockstub.go:215.153,217.2 1 0
github.com/hyperledger/fabric-chaincode-go/shimtest/mockstub.go:220.117,225.2 1 0
github.com/hyperledger/fabric-chaincode-go/shimtest/mockstub.go:228.60,231.2 2 1
github.com/hyperledger/fabric-chaincode-go/shimtest/mockstub.go:234.64,235.21 1 1
github.com/hyperledger/fabric-chaincode-go/shimtest/mockstub.go:241.2,241.21 1 1
github.com/hyperledger/fabric-chaincode-go/shimtest/mockstub.go:244.2,247.65 2 1
github.com/hyperledger/fabric-chaincode-go/shimtest/mockstub.go:267.2,267.26 1 1
github.com/hyperledger/fabric-chaincode-go/shimtest/mockstub.go:271.2,271.12 1 1
github.com/hyperledger/fabric-chaincode-go/shimtest/mockstub.go:235.21,238.3 2 0
github.com/hyperledger/fabric-chaincode-go/shimtest/mockstub.go:241.21,243.3 1 1
github.com/hyperledger/fabric-chaincode-go/shimtest/mockstub.go:247.65,250.15 3 1
github.com/hyperledger/fabric-chaincode-go/shimtest/mockstub.go:250.15,253.9 2 1
github.com/hyperledger/fabric-chaincode-go/shimtest/mockstub.go:254.9,254.23 1 1
github.com/hyperledger/fabric-chaincode-go/shimtest/mockstub.go:254.23,256.9 1 0
github.com/hyperledger/fabric-chaincode-go/shimtest/mockstub.go:257.9,259.26 1 1
github.com/hyperledger/fabric-chaincode-go/shimtest/mockstub.go:259.26,261.10 2 1
github.com/hyperledger/fabric-chaincode-go/shimtest/mockstub.go:267.26,269.3 1 1
github.com/hyperledger/fabric-chaincode-go/shimtest/mockstub.go:275.50,278.65 2 1
github.com/hyperledger/fabric-chaincode-go/shimtest/mockstub.go:284.2,284.12 1 1
github.com/hyperledger/fabric-chaincode-go/shimtest/mockstub.go:278.65,279.53 1 1
github.com/hyperledger/fabric-chaincode-go/shimtest/mockstub.go:279.53,281.4 1 1
github.com/hyperledger/fabric-chaincode-go/shimtest/mockstub.go:288.106,289.61 1 1
github.com/hyperledger/fabric-chaincode-go/shimtest/mockstub.go:292.2,292.68 1 1
github.com/hyperledger/fabric-chaincode-go/shimtest/mockstub.go:289.61,291.3 1 0
github.com/hyperledger/fabric-chaincode-go/shimtest/mockstub.go:299.53,300.33 1 1
github.com/hyperledger/fabric-chaincode-go/shimtest/mockstub.go:305.2,305.12 1 1
github.com/hyperledger/fabric-chaincode-go/shimtest/mockstub.go:300.33,301.57 1 1
github.com/hyperledger/fabric-chaincode-go/shimtest/mockstub.go:301.57,303.4 1 0
github.com/hyperledger/fabric-chaincode-go/shimtest/mockstub.go:313.94,318.2 1 1
github.com/hyperledger/fabric-chaincode-go/shimtest/mockstub.go:322.96,324.2 1 1
github.com/hyperledger/fabric-chaincode-go/shimtest/mockstub.go:332.135,334.16 2 1
github.com/hyperledger/fabric-chaincode-go/shimtest/mockstub.go:337.2,337.113 1 1
github.com/hyperledger/fabric-chaincode-go/shimtest/mockstub.go:334.16,336.3 1 0
github.com/hyperledger/fabric-chaincode-go/shimtest/mockstub.go:342.98,344.2 1 1
github.com/hyperledger/fabric-chaincode-go/shimtest/mockstub.go:348.88,350.2 1 1
github.com/hyperledger/fabric-chaincode-go/shimtest/mockstub.go:352.71,355.41 3 1
github.com/hyperledger/fabric-chaincode-go/shimtest/mockstub.go:361.2,361.43 1 1
github.com/hyperledger/fabric-chaincode-go/shimtest/mockstub.go:355.41,356.45 1 1
github.com/hyperledger/fabric-chaincode-go/shimtest/mockstub.go:356.45,359.4 2 1
github.com/hyperledger/fabric-chaincode-go/shimtest/mockstub.go:366.88,368.2 1 0
github.com/hyperledger/fabric-chaincode-go/shimtest/mockstub.go:372.104,374.2 1 0
github.com/hyperledger/fabric-chaincode-go/shimtest/mockstub.go:378.88,380.2 1 0
github.com/hyperledger/fabric-chaincode-go/shimtest/mockstub.go:386.104,388.19 1 1
github.com/hyperledger/fabric-chaincode-go/shimtest/mockstub.go:392.2,395.12 3 1
github.com/hyperledger/fabric-chaincode-go/shimtest/mockstub.go:388.19,390.3 1 1
github.com/hyperledger/fabric-chaincode-go/shimtest/mockstub.go:399.52,401.2 1 1
github.com/hyperledger/fabric-chaincode-go/shimtest/mockstub.go:404.65,406.2 1 1
github.com/hyperledger/fabric-chaincode-go/shimtest/mockstub.go:409.52,411.2 1 1
github.com/hyperledger/fabric-chaincode-go/shimtest/mockstub.go:414.71,416.2 1 1
github.com/hyperledger/fabric-chaincode-go/shimtest/mockstub.go:418.64,420.2 1 1
github.com/hyperledger/fabric-chaincode-go/shimtest/mockstub.go:423.54,425.2 1 1
github.com/hyperledger/fabric-chaincode-go/shimtest/mockstub.go:427.65,429.2 1 1
github.com/hyperledger/fabric-chaincode-go/shimtest/mockstub.go:432.70,433.29 1 1
github.com/hyperledger/fabric-chaincode-go/shimtest/mockstub.go:436.2,436.30 1 1
github.com/hyperledger/fabric-chaincode-go/shimtest/mockstub.go:433.29,435.3 1 0
github.com/hyperledger/fabric-chaincode-go/shimtest/mockstub.go:440.67,443.2 2 1
github.com/hyperledger/fabric-chaincode-go/shimtest/mockstub.go:446.80,448.2 1 0
github.com/hyperledger/fabric-chaincode-go/shimtest/mockstub.go:451.79,453.2 1 0
github.com/hyperledger/fabric-chaincode-go/shimtest/mockstub.go:456.98,458.9 2 0
github.com/hyperledger/fabric-chaincode-go/shimtest/mockstub.go:463.2,464.12 2 0
github.com/hyperledger/fabric-chaincode-go/shimtest/mockstub.go:458.9,461.3 2 0
github.com/hyperledger/fabric-chaincode-go/shimtest/mockstub.go:468.97,471.9 2 0
github.com/hyperledger/fabric-chaincode-go/shimtest/mockstub.go:475.2,475.20 1 0
github.com/hyperledger/fabric-chaincode-go/shimtest/mockstub.go:471.9,473.3 1 0
github.com/hyperledger/fabric-chaincode-go/shimtest/mockstub.go:479.60,492.2 11 1
github.com/hyperledger/fabric-chaincode-go/shimtest/mockstub.go:509.57,510.17 1 1
github.com/hyperledger/fabric-chaincode-go/shimtest/mockstub.go:515.2,515.25 1 1
github.com/hyperledger/fabric-chaincode-go/shimtest/mockstub.go:519.2,520.21 2 1
github.com/hyperledger/fabric-chaincode-go/shimtest/mockstub.go:535.2,535.14 1 0
github.com/hyperledger/fabric-chaincode-go/shimtest/mockstub.go:510.17,513.3 1 0
github.com/hyperledger/fabric-chaincode-go/shimtest/mockstub.go:515.25,517.3 1 1
github.com/hyperledger/fabric-chaincode-go/shimtest/mockstub.go:520.21,522.47 1 1
github.com/hyperledger/fabric-chaincode-go/shimtest/mockstub.go:525.3,527.17 3 1
github.com/hyperledger/fabric-chaincode-go/shimtest/mockstub.go:533.3,533.27 1 1
github.com/hyperledger/fabric-chaincode-go/shimtest/mockstub.go:522.47,524.4 1 1
github.com/hyperledger/fabric-chaincode-go/shimtest/mockstub.go:527.17,528.17 1 1
github.com/hyperledger/fabric-chaincode-go/shimtest/mockstub.go:531.4,531.16 1 1
github.com/hyperledger/fabric-chaincode-go/shimtest/mockstub.go:528.17,530.5 1 1
github.com/hyperledger/fabric-chaincode-go/shimtest/mockstub.go:539.74,540.25 1 1
github.com/hyperledger/fabric-chaincode-go/shimtest/mockstub.go:545.2,545.29 1 1
github.com/hyperledger/fabric-chaincode-go/shimtest/mockstub.go:550.2,550.26 1 1
github.com/hyperledger/fabric-chaincode-go/shimtest/mockstub.go:563.2,564.17 2 0
github.com/hyperledger/fabric-chaincode-go/shimtest/mockstub.go:540.25,543.3 2 0
github.com/hyperledger/fabric-chaincode-go/shimtest/mockstub.go:545.29,548.3 2 0
github.com/hyperledger/fabric-chaincode-go/shimtest/mockstub.go:550.26,555.78 3 1
github.com/hyperledger/fabric-chaincode-go/shimtest/mockstub.go:561.3,561.37 1 1
github.com/hyperledger/fabric-chaincode-go/shimtest/mockstub.go:555.78,560.4 4 1
github.com/hyperledger/fabric-chaincode-go/shimtest/mockstub.go:569.56,570.25 1 1
github.com/hyperledger/fabric-chaincode-go/shimtest/mockstub.go:575.2,576.12 2 1
github.com/hyperledger/fabric-chaincode-go/shimtest/mockstub.go:570.25,573.3 2 0
github.com/hyperledger/fabric-chaincode-go/shimtest/mockstub.go:580.114,588.2 7 1
github.com/hyperledger/fabric-chaincode-go/shimtest/mockstub.go:590.56,593.25 3 1
github.com/hyperledger/fabric-chaincode-go/shimtest/mockstub.go:596.2,596.14 1 1
github.com/hyperledger/fabric-chaincode-go/shimtest/mockstub.go:593.25,595.3 1 1
github.com/hyperledger/fabric-chaincode-go/shimtest/mockstub.go:599.53,602.34 3 1
github.com/hyperledger/fabric-chaincode-go/shimtest/mockstub.go:605.2,605.23 1 1
github.com/hyperledger/fabric-chaincode-go/shimtest/mockstub.go:602.34,604.3 1 0
